<?xml version="1.0" encoding="UTF-8"?>
<robot generator="Robot 7.4.2 (Python 3.11.9 on win32)" generated="2026-04-06T23:14:16.107329" rpa="false" schemaversion="5">
<suite id="s1" name="Tests" source="C:\Users\LOQ\Documents\GitHub\End-to-end-web-test-automation-framework-for-an-e-commerce-demo-site\tests">
<suite id="s1-s1" name="Cart" source="C:\Users\LOQ\Documents\GitHub\End-to-end-web-test-automation-framework-for-an-e-commerce-demo-site\tests\cart.robot">
<test id="s1-s1-t1" name="Add Item To Cart" line="11">
<kw name="Open Browser To Login Page" owner="common" type="SETUP">
<kw name="Evaluate" owner="BuiltIn">
<msg time="2026-04-06T23:14:16.494903" level="INFO">${chrome_options} = &lt;selenium.webdriver.chrome.options.Options object at 0x00000259BA08AA10&gt;</msg>
<var>${chrome_options}</var>
<arg>sys.modules['selenium.webdriver'].ChromeOptions()</arg>
<arg>sys, selenium.webdriver</arg>
<doc>Evaluates the given expression in Python and returns the result.</doc>
<status status="PASS" start="2026-04-06T23:14:16.491708" elapsed="0.003195"/>
</kw>
<if>
<branch type="IF" condition="${HEADLESS}">
<kw name="Call Method" owner="BuiltIn">
<arg>${chrome_options}</arg>
<arg>add_argument</arg>
<arg>--headless=new</arg>
<doc>Calls the named method of the given object with the provided arguments.</doc>
<status status="NOT RUN" start="2026-04-06T23:14:16.496106" elapsed="0.000000"/>
</kw>
<kw name="Call Method" owner="BuiltIn">
<arg>${chrome_options}</arg>
<arg>add_argument</arg>
<arg>--no-sandbox</arg>
<doc>Calls the named method of the given object with the provided arguments.</doc>
<status status="NOT RUN" start="2026-04-06T23:14:16.496106" elapsed="0.000000"/>
</kw>
<kw name="Call Method" owner="BuiltIn">
<arg>${chrome_options}</arg>
<arg>add_argument</arg>
<arg>--disable-dev-shm-usage</arg>
<doc>Calls the named method of the given object with the provided arguments.</doc>
<status status="NOT RUN" start="2026-04-06T23:14:16.496650" elapsed="0.000000"/>
</kw>
<kw name="Call Method" owner="BuiltIn">
<arg>${chrome_options}</arg>
<arg>add_argument</arg>
<arg>--window-size=1920,1080</arg>
<doc>Calls the named method of the given object with the provided arguments.</doc>
<status status="NOT RUN" start="2026-04-06T23:14:16.496650" elapsed="0.000000"/>
</kw>
<status status="NOT RUN" start="2026-04-06T23:14:16.495501" elapsed="0.001149"/>
</branch>
<status status="PASS" start="2026-04-06T23:14:16.495501" elapsed="0.001149"/>
</if>
<kw name="Call Method" owner="BuiltIn">
<arg>${chrome_options}</arg>
<arg>add_argument</arg>
<arg>--disable-notifications</arg>
<doc>Calls the named method of the given object with the provided arguments.</doc>
<status status="PASS" start="2026-04-06T23:14:16.497188" elapsed="0.000547"/>
</kw>
<kw name="Call Method" owner="BuiltIn">
<arg>${chrome_options}</arg>
<arg>add_argument</arg>
<arg>--incognito</arg>
<doc>Calls the named method of the given object with the provided arguments.</doc>
<status status="PASS" start="2026-04-06T23:14:16.497735" elapsed="0.000541"/>
</kw>
<kw name="Create Dictionary" owner="BuiltIn">
<msg time="2026-04-06T23:14:16.499390" level="INFO">${prefs} = {'credentials_enable_service': False, 'profile.password_manager_enabled': False}</msg>
<var>${prefs}</var>
<arg>credentials_enable_service=${False}</arg>
<arg>profile.password_manager_enabled=${False}</arg>
<doc>Creates and returns a dictionary based on the given ``items``.</doc>
<status status="PASS" start="2026-04-06T23:14:16.498276" elapsed="0.001114"/>
</kw>
<kw name="Call Method" owner="BuiltIn">
<arg>${chrome_options}</arg>
<arg>add_experimental_option</arg>
<arg>prefs</arg>
<arg>${prefs}</arg>
<doc>Calls the named method of the given object with the provided arguments.</doc>
<status status="PASS" start="2026-04-06T23:14:16.499390" elapsed="0.000538"/>
</kw>
<kw name="Open Browser" owner="SeleniumLibrary">
<msg time="2026-04-06T23:14:16.500462" level="INFO">Opening browser 'chrome' to base url 'https://www.saucedemo.com/'.</msg>
<arg>${URL}</arg>
<arg>chrome</arg>
<arg>options=${chrome_options}</arg>
<doc>Opens a new browser instance to the optional ``url``.</doc>
<status status="PASS" start="2026-04-06T23:14:16.499928" elapsed="4.299009"/>
</kw>
<kw name="Maximize Browser Window" owner="SeleniumLibrary">
<doc>Maximizes current browser window.</doc>
<status status="PASS" start="2026-04-06T23:14:20.798937" elapsed="0.052396"/>
</kw>
<kw name="Set Selenium Timeout" owner="SeleniumLibrary">
<arg>10s</arg>
<doc>Sets the timeout that is used by various keywords.</doc>
<status status="PASS" start="2026-04-06T23:14:20.851333" elapsed="0.002014"/>
</kw>
<kw name="Register Keyword To Run On Failure" owner="SeleniumLibrary">
<msg time="2026-04-06T23:14:20.853347" level="INFO">Capture Page Screenshot will be run on failure.</msg>
<arg>Capture Page Screenshot</arg>
<doc>Sets the keyword to execute, when a SeleniumLibrary keyword fails.</doc>
<status status="PASS" start="2026-04-06T23:14:20.853347" elapsed="0.000000"/>
</kw>
<status status="PASS" start="2026-04-06T23:14:16.490118" elapsed="4.363229"/>
</kw>
<kw name="Login With Credentials" owner="login_page">
<kw name="Enter Username" owner="login_page">
<kw name="Input Text Safely" owner="common">
<kw name="Wait Until Element Is Visible" owner="SeleniumLibrary">
<arg>${locator}</arg>
<arg>10s</arg>
<doc>Waits until the element ``locator`` is visible.</doc>
<status status="PASS" start="2026-04-06T23:14:20.858363" elapsed="0.033655"/>
</kw>
<kw name="Clear Element Text" owner="SeleniumLibrary">
<arg>${locator}</arg>
<doc>Clears the value of the text-input-element identified by ``locator``.</doc>
<status status="PASS" start="2026-04-06T23:14:20.892620" elapsed="0.059870"/>
</kw>
<kw name="Input Text" owner="SeleniumLibrary">
<msg time="2026-04-06T23:14:20.953044" level="INFO">Typing text 'standard_user' into text field 'id:user-name'.</msg>
<arg>${locator}</arg>
<arg>${text}</arg>
<doc>Types the given ``text`` into the text field identified by ``locator``.</doc>
<status status="PASS" start="2026-04-06T23:14:20.952490" elapsed="0.151247"/>
</kw>
<arg>id:user-name</arg>
<arg>${username}</arg>
<status status="PASS" start="2026-04-06T23:14:20.853347" elapsed="0.250390"/>
</kw>
<arg>${username}</arg>
<status status="PASS" start="2026-04-06T23:14:20.853347" elapsed="0.251017"/>
</kw>
<kw name="Enter Password" owner="login_page">
<kw name="Input Text Safely" owner="common">
<kw name="Wait Until Element Is Visible" owner="SeleniumLibrary">
<arg>${locator}</arg>
<arg>10s</arg>
<doc>Waits until the element ``locator`` is visible.</doc>
<status status="PASS" start="2026-04-06T23:14:21.106566" elapsed="0.022772"/>
</kw>
<kw name="Clear Element Text" owner="SeleniumLibrary">
<arg>${locator}</arg>
<doc>Clears the value of the text-input-element identified by ``locator``.</doc>
<status status="PASS" start="2026-04-06T23:14:21.129874" elapsed="0.036257"/>
</kw>
<kw name="Input Text" owner="SeleniumLibrary">
<msg time="2026-04-06T23:14:21.166131" level="INFO">Typing text 'secret_sauce' into text field 'id:password'.</msg>
<arg>${locator}</arg>
<arg>${text}</arg>
<doc>Types the given ``text`` into the text field identified by ``locator``.</doc>
<status status="PASS" start="2026-04-06T23:14:21.166131" elapsed="0.114939"/>
</kw>
<arg>id:password</arg>
<arg>${password}</arg>
<status status="PASS" start="2026-04-06T23:14:21.105480" elapsed="0.175590"/>
</kw>
<arg>${password}</arg>
<status status="PASS" start="2026-04-06T23:14:21.104918" elapsed="0.176152"/>
</kw>
<kw name="Click Login" owner="login_page">
<kw name="Click Button Safely" owner="common">
<kw name="Wait Until Element Is Visible" owner="SeleniumLibrary">
<arg>${locator}</arg>
<arg>10s</arg>
<doc>Waits until the element ``locator`` is visible.</doc>
<status status="PASS" start="2026-04-06T23:14:21.283086" elapsed="0.021006"/>
</kw>
<kw name="Wait Until Element Is Enabled" owner="SeleniumLibrary">
<arg>${locator}</arg>
<arg>10s</arg>
<doc>Waits until the element ``locator`` is enabled.</doc>
<status status="PASS" start="2026-04-06T23:14:21.304641" elapsed="0.026410"/>
</kw>
<kw name="Scroll Element Into View" owner="SeleniumLibrary">
<arg>${locator}</arg>
<doc>Scrolls the element identified by ``locator`` into view.</doc>
<status status="PASS" start="2026-04-06T23:14:21.331051" elapsed="0.277803"/>
</kw>
<kw name="Click Button" owner="SeleniumLibrary">
<msg time="2026-04-06T23:14:21.608854" level="INFO">Clicking button 'id:login-button'.</msg>
<arg>${locator}</arg>
<doc>Clicks the button identified by ``locator``.</doc>
<status status="PASS" start="2026-04-06T23:14:21.608854" elapsed="0.159627"/>
</kw>
<arg>id:login-button</arg>
<status status="PASS" start="2026-04-06T23:14:21.282085" elapsed="0.486396"/>
</kw>
<status status="PASS" start="2026-04-06T23:14:21.282085" elapsed="0.486396"/>
</kw>
<arg>${VALID_USERNAME}</arg>
<arg>${VALID_PASSWORD}</arg>
<status status="PASS" start="2026-04-06T23:14:20.853347" elapsed="0.915134"/>
</kw>
<kw name="Verify Successful Login" owner="login_page">
<kw name="Wait Until Location Contains" owner="SeleniumLibrary">
<arg>inventory.html</arg>
<arg>10s</arg>
<doc>Waits until the current URL contains ``expected``.</doc>
<status status="PASS" start="2026-04-06T23:14:21.772252" elapsed="0.074056"/>
</kw>
<kw name="Wait Until Element Is Visible" owner="SeleniumLibrary">
<arg>xpath://span[text()='Products']</arg>
<arg>10s</arg>
<doc>Waits until the element ``locator`` is visible.</doc>
<status status="PASS" start="2026-04-06T23:14:21.846308" elapsed="0.033108"/>
</kw>
<status status="PASS" start="2026-04-06T23:14:21.769483" elapsed="0.110497"/>
</kw>
<kw name="Add Backpack To Cart" owner="products_page">
<kw name="Click Button Safely" owner="common">
<kw name="Wait Until Element Is Visible" owner="SeleniumLibrary">
<arg>${locator}</arg>
<arg>10s</arg>
<doc>Waits until the element ``locator`` is visible.</doc>
<status status="PASS" start="2026-04-06T23:14:21.881635" elapsed="0.026067"/>
</kw>
<kw name="Wait Until Element Is Enabled" owner="SeleniumLibrary">
<arg>${locator}</arg>
<arg>10s</arg>
<doc>Waits until the element ``locator`` is enabled.</doc>
<status status="PASS" start="2026-04-06T23:14:21.908225" elapsed="0.031169"/>
</kw>
<kw name="Scroll Element Into View" owner="SeleniumLibrary">
<arg>${locator}</arg>
<doc>Scrolls the element identified by ``locator`` into view.</doc>
<status status="PASS" start="2026-04-06T23:14:21.940409" elapsed="0.285083"/>
</kw>
<kw name="Click Button" owner="SeleniumLibrary">
<msg time="2026-04-06T23:14:22.226577" level="INFO">Clicking button 'id:add-to-cart-sauce-labs-backpack'.</msg>
<arg>${locator}</arg>
<doc>Clicks the button identified by ``locator``.</doc>
<status status="PASS" start="2026-04-06T23:14:22.226022" elapsed="0.111068"/>
</kw>
<arg>id:add-to-cart-sauce-labs-backpack</arg>
<status status="PASS" start="2026-04-06T23:14:21.881087" elapsed="0.456003"/>
</kw>
<status status="PASS" start="2026-04-06T23:14:21.880534" elapsed="0.456556"/>
</kw>
<kw name="Open Cart" owner="products_page">
<kw name="Click Element Safely" owner="common">
<kw name="Wait Until Element Is Visible" owner="SeleniumLibrary">
<arg>${locator}</arg>
<arg>10s</arg>
<doc>Waits until the element ``locator`` is visible.</doc>
<status status="PASS" start="2026-04-06T23:14:22.337090" elapsed="0.028887"/>
</kw>
<kw name="Wait Until Element Is Enabled" owner="SeleniumLibrary">
<arg>${locator}</arg>
<arg>10s</arg>
<doc>Waits until the element ``locator`` is enabled.</doc>
<status status="PASS" start="2026-04-06T23:14:22.366662" elapsed="0.025796"/>
</kw>
<kw name="Scroll Element Into View" owner="SeleniumLibrary">
<arg>${locator}</arg>
<doc>Scrolls the element identified by ``locator`` into view.</doc>
<status status="PASS" start="2026-04-06T23:14:22.393008" elapsed="0.281360"/>
</kw>
<kw name="Click Element" owner="SeleniumLibrary">
<msg time="2026-04-06T23:14:22.674919" level="INFO">Clicking element 'class:shopping_cart_link'.</msg>
<arg>${locator}</arg>
<doc>Click the element identified by ``locator``.</doc>
<status status="PASS" start="2026-04-06T23:14:22.674919" elapsed="0.089702"/>
</kw>
<arg>class:shopping_cart_link</arg>
<status status="PASS" start="2026-04-06T23:14:22.337090" elapsed="0.427531"/>
</kw>
<kw name="Wait Until Location Contains" owner="SeleniumLibrary">
<arg>cart.html</arg>
<arg>10s</arg>
<doc>Waits until the current URL contains ``expected``.</doc>
<status status="PASS" start="2026-04-06T23:14:22.764621" elapsed="0.007292"/>
</kw>
<kw name="Wait Until Element Is Visible" owner="SeleniumLibrary">
<arg>id:checkout</arg>
<arg>10s</arg>
<doc>Waits until the element ``locator`` is visible.</doc>
<status status="PASS" start="2026-04-06T23:14:22.772435" elapsed="0.026242"/>
</kw>
<status status="PASS" start="2026-04-06T23:14:22.337090" elapsed="0.461587"/>
</kw>
<kw name="Verify Cart Has Backpack" owner="products_page">
<kw name="Wait Until Element Is Visible" owner="SeleniumLibrary">
<arg>xpath://div[text()='Sauce Labs Backpack']</arg>
<arg>10s</arg>
<doc>Waits until the element ``locator`` is visible.</doc>
<status status="PASS" start="2026-04-06T23:14:22.799790" elapsed="0.031010"/>
</kw>
<status status="PASS" start="2026-04-06T23:14:22.799229" elapsed="0.031571"/>
</kw>
<kw name="Close Browser Session" owner="common" type="TEARDOWN">
<kw name="Close Browser" owner="SeleniumLibrary">
<doc>Closes the current browser.</doc>
<status status="PASS" start="2026-04-06T23:14:22.833160" elapsed="2.149061"/>
</kw>
<status status="PASS" start="2026-04-06T23:14:22.832011" elapsed="2.150210"/>
</kw>
<tag>cart</tag>
<tag>regression</tag>
<tag>smoke</tag>
<status status="PASS" start="2026-04-06T23:14:16.488310" elapsed="8.494447"/>
</test>
<test id="s1-s1-t2" name="Remove Item From Cart" line="19">
<kw name="Open Browser To Login Page" owner="common" type="SETUP">
<kw name="Evaluate" owner="BuiltIn">
<msg time="2026-04-06T23:14:24.985744" level="INFO">${chrome_options} = &lt;selenium.webdriver.chrome.options.Options object at 0x00000259BADE5610&gt;</msg>
<var>${chrome_options}</var>
<arg>sys.modules['selenium.webdriver'].ChromeOptions()</arg>
<arg>sys, selenium.webdriver</arg>
<doc>Evaluates the given expression in Python and returns the result.</doc>
<status status="PASS" start="2026-04-06T23:14:24.984996" elapsed="0.000748"/>
</kw>
<if>
<branch type="IF" condition="${HEADLESS}">
<kw name="Call Method" owner="BuiltIn">
<arg>${chrome_options}</arg>
<arg>add_argument</arg>
<arg>--headless=new</arg>
<doc>Calls the named method of the given object with the provided arguments.</doc>
<status status="NOT RUN" start="2026-04-06T23:14:24.986376" elapsed="0.000000"/>
</kw>
<kw name="Call Method" owner="BuiltIn">
<arg>${chrome_options}</arg>
<arg>add_argument</arg>
<arg>--no-sandbox</arg>
<doc>Calls the named method of the given object with the provided arguments.</doc>
<status status="NOT RUN" start="2026-04-06T23:14:24.986376" elapsed="0.000000"/>
</kw>
<kw name="Call Method" owner="BuiltIn">
<arg>${chrome_options}</arg>
<arg>add_argument</arg>
<arg>--disable-dev-shm-usage</arg>
<doc>Calls the named method of the given object with the provided arguments.</doc>
<status status="NOT RUN" start="2026-04-06T23:14:24.986376" elapsed="0.000000"/>
</kw>
<kw name="Call Method" owner="BuiltIn">
<arg>${chrome_options}</arg>
<arg>add_argument</arg>
<arg>--window-size=1920,1080</arg>
<doc>Calls the named method of the given object with the provided arguments.</doc>
<status status="NOT RUN" start="2026-04-06T23:14:24.987517" elapsed="0.000000"/>
</kw>
<status status="NOT RUN" start="2026-04-06T23:14:24.986376" elapsed="0.001141"/>
</branch>
<status status="PASS" start="2026-04-06T23:14:24.985744" elapsed="0.001773"/>
</if>
<kw name="Call Method" owner="BuiltIn">
<arg>${chrome_options}</arg>
<arg>add_argument</arg>
<arg>--disable-notifications</arg>
<doc>Calls the named method of the given object with the provided arguments.</doc>
<status status="PASS" start="2026-04-06T23:14:24.987517" elapsed="0.001147"/>
</kw>
<kw name="Call Method" owner="BuiltIn">
<arg>${chrome_options}</arg>
<arg>add_argument</arg>
<arg>--incognito</arg>
<doc>Calls the named method of the given object with the provided arguments.</doc>
<status status="PASS" start="2026-04-06T23:14:24.988664" elapsed="0.000893"/>
</kw>
<kw name="Create Dictionary" owner="BuiltIn">
<msg time="2026-04-06T23:14:24.990632" level="INFO">${prefs} = {'credentials_enable_service': False, 'profile.password_manager_enabled': False}</msg>
<var>${prefs}</var>
<arg>credentials_enable_service=${False}</arg>
<arg>profile.password_manager_enabled=${False}</arg>
<doc>Creates and returns a dictionary based on the given ``items``.</doc>
<status status="PASS" start="2026-04-06T23:14:24.989557" elapsed="0.001075"/>
</kw>
<kw name="Call Method" owner="BuiltIn">
<arg>${chrome_options}</arg>
<arg>add_experimental_option</arg>
<arg>prefs</arg>
<arg>${prefs}</arg>
<doc>Calls the named method of the given object with the provided arguments.</doc>
<status status="PASS" start="2026-04-06T23:14:24.990632" elapsed="0.000000"/>
</kw>
<kw name="Open Browser" owner="SeleniumLibrary">
<msg time="2026-04-06T23:14:24.991921" level="INFO">Opening browser 'chrome' to base url 'https://www.saucedemo.com/'.</msg>
<arg>${URL}</arg>
<arg>chrome</arg>
<arg>options=${chrome_options}</arg>
<doc>Opens a new browser instance to the optional ``url``.</doc>
<status status="PASS" start="2026-04-06T23:14:24.990632" elapsed="2.678109"/>
</kw>
<kw name="Maximize Browser Window" owner="SeleniumLibrary">
<doc>Maximizes current browser window.</doc>
<status status="PASS" start="2026-04-06T23:14:27.669291" elapsed="0.030742"/>
</kw>
<kw name="Set Selenium Timeout" owner="SeleniumLibrary">
<arg>10s</arg>
<doc>Sets the timeout that is used by various keywords.</doc>
<status status="PASS" start="2026-04-06T23:14:27.700033" elapsed="0.002002"/>
</kw>
<kw name="Register Keyword To Run On Failure" owner="SeleniumLibrary">
<msg time="2026-04-06T23:14:27.702035" level="INFO">Capture Page Screenshot will be run on failure.</msg>
<arg>Capture Page Screenshot</arg>
<doc>Sets the keyword to execute, when a SeleniumLibrary keyword fails.</doc>
<status status="PASS" start="2026-04-06T23:14:27.702035" elapsed="0.000000"/>
</kw>
<status status="PASS" start="2026-04-06T23:14:24.983972" elapsed="2.718063"/>
</kw>
<kw name="Login With Credentials" owner="login_page">
<kw name="Enter Username" owner="login_page">
<kw name="Input Text Safely" owner="common">
<kw name="Wait Until Element Is Visible" owner="SeleniumLibrary">
<arg>${locator}</arg>
<arg>10s</arg>
<doc>Waits until the element ``locator`` is visible.</doc>
<status status="PASS" start="2026-04-06T23:14:27.704152" elapsed="0.033138"/>
</kw>
<kw name="Clear Element Text" owner="SeleniumLibrary">
<arg>${locator}</arg>
<doc>Clears the value of the text-input-element identified by ``locator``.</doc>
<status status="PASS" start="2026-04-06T23:14:27.737290" elapsed="0.054527"/>
</kw>
<kw name="Input Text" owner="SeleniumLibrary">
<msg time="2026-04-06T23:14:27.793615" level="INFO">Typing text 'standard_user' into text field 'id:user-name'.</msg>
<arg>${locator}</arg>
<arg>${text}</arg>
<doc>Types the given ``text`` into the text field identified by ``locator``.</doc>
<status status="PASS" start="2026-04-06T23:14:27.793615" elapsed="0.137834"/>
</kw>
<arg>id:user-name</arg>
<arg>${username}</arg>
<status status="PASS" start="2026-04-06T23:14:27.703123" elapsed="0.228326"/>
</kw>
<arg>${username}</arg>
<status status="PASS" start="2026-04-06T23:14:27.703123" elapsed="0.228326"/>
</kw>
<kw name="Enter Password" owner="login_page">
<kw name="Input Text Safely" owner="common">
<kw name="Wait Until Element Is Visible" owner="SeleniumLibrary">
<arg>${locator}</arg>
<arg>10s</arg>
<doc>Waits until the element ``locator`` is visible.</doc>
<status status="PASS" start="2026-04-06T23:14:27.932978" elapsed="0.021768"/>
</kw>
<kw name="Clear Element Text" owner="SeleniumLibrary">
<arg>${locator}</arg>
<doc>Clears the value of the text-input-element identified by ``locator``.</doc>
<status status="PASS" start="2026-04-06T23:14:27.956515" elapsed="0.046151"/>
</kw>
<kw name="Input Text" owner="SeleniumLibrary">
<msg time="2026-04-06T23:14:28.002666" level="INFO">Typing text 'secret_sauce' into text field 'id:password'.</msg>
<arg>${locator}</arg>
<arg>${text}</arg>
<doc>Types the given ``text`` into the text field identified by ``locator``.</doc>
<status status="PASS" start="2026-04-06T23:14:28.002666" elapsed="0.097247"/>
</kw>
<arg>id:password</arg>
<arg>${password}</arg>
<status status="PASS" start="2026-04-06T23:14:27.932978" elapsed="0.166935"/>
</kw>
<arg>${password}</arg>
<status status="PASS" start="2026-04-06T23:14:27.932470" elapsed="0.167443"/>
</kw>
<kw name="Click Login" owner="login_page">
<kw name="Click Button Safely" owner="common">
<kw name="Wait Until Element Is Visible" owner="SeleniumLibrary">
<arg>${locator}</arg>
<arg>10s</arg>
<doc>Waits until the element ``locator`` is visible.</doc>
<status status="PASS" start="2026-04-06T23:14:28.101336" elapsed="0.025010"/>
</kw>
<kw name="Wait Until Element Is Enabled" owner="SeleniumLibrary">
<arg>${locator}</arg>
<arg>10s</arg>
<doc>Waits until the element ``locator`` is enabled.</doc>
<status status="PASS" start="2026-04-06T23:14:28.126346" elapsed="0.027581"/>
</kw>
<kw name="Scroll Element Into View" owner="SeleniumLibrary">
<arg>${locator}</arg>
<doc>Scrolls the element identified by ``locator`` into view.</doc>
<status status="PASS" start="2026-04-06T23:14:28.153927" elapsed="0.285743"/>
</kw>
<kw name="Click Button" owner="SeleniumLibrary">
<msg time="2026-04-06T23:14:28.442818" level="INFO">Clicking button 'id:login-button'.</msg>
<arg>${locator}</arg>
<doc>Clicks the button identified by ``locator``.</doc>
<status status="PASS" start="2026-04-06T23:14:28.439670" elapsed="0.158932"/>
</kw>
<arg>id:login-button</arg>
<status status="PASS" start="2026-04-06T23:14:28.101336" elapsed="0.497266"/>
</kw>
<status status="PASS" start="2026-04-06T23:14:28.101336" elapsed="0.497266"/>
</kw>
<arg>${VALID_USERNAME}</arg>
<arg>${VALID_PASSWORD}</arg>
<status status="PASS" start="2026-04-06T23:14:27.703123" elapsed="0.895479"/>
</kw>
<kw name="Verify Successful Login" owner="login_page">
<kw name="Wait Until Location Contains" owner="SeleniumLibrary">
<arg>inventory.html</arg>
<arg>10s</arg>
<doc>Waits until the current URL contains ``expected``.</doc>
<status status="PASS" start="2026-04-06T23:14:28.600387" elapsed="0.008012"/>
</kw>
<kw name="Wait Until Element Is Visible" owner="SeleniumLibrary">
<arg>xpath://span[text()='Products']</arg>
<arg>10s</arg>
<doc>Waits until the element ``locator`` is visible.</doc>
<status status="PASS" start="2026-04-06T23:14:28.608399" elapsed="0.029885"/>
</kw>
<status status="PASS" start="2026-04-06T23:14:28.600387" elapsed="0.037897"/>
</kw>
<kw name="Add Backpack To Cart" owner="products_page">
<kw name="Click Button Safely" owner="common">
<kw name="Wait Until Element Is Visible" owner="SeleniumLibrary">
<arg>${locator}</arg>
<arg>10s</arg>
<doc>Waits until the element ``locator`` is visible.</doc>
<status status="PASS" start="2026-04-06T23:14:28.638284" elapsed="0.024164"/>
</kw>
<kw name="Wait Until Element Is Enabled" owner="SeleniumLibrary">
<arg>${locator}</arg>
<arg>10s</arg>
<doc>Waits until the element ``locator`` is enabled.</doc>
<status status="PASS" start="2026-04-06T23:14:28.662448" elapsed="0.026774"/>
</kw>
<kw name="Scroll Element Into View" owner="SeleniumLibrary">
<arg>${locator}</arg>
<doc>Scrolls the element identified by ``locator`` into view.</doc>
<status status="PASS" start="2026-04-06T23:14:28.689222" elapsed="0.303331"/>
</kw>
<kw name="Click Button" owner="SeleniumLibrary">
<msg time="2026-04-06T23:14:28.992553" level="INFO">Clicking button 'id:add-to-cart-sauce-labs-backpack'.</msg>
<arg>${locator}</arg>
<doc>Clicks the button identified by ``locator``.</doc>
<status status="PASS" start="2026-04-06T23:14:28.992553" elapsed="0.098425"/>
</kw>
<arg>id:add-to-cart-sauce-labs-backpack</arg>
<status status="PASS" start="2026-04-06T23:14:28.638284" elapsed="0.452694"/>
</kw>
<status status="PASS" start="2026-04-06T23:14:28.638284" elapsed="0.454026"/>
</kw>
<kw name="Remove Backpack From Cart" owner="products_page">
<kw name="Click Button Safely" owner="common">
<kw name="Wait Until Element Is Visible" owner="SeleniumLibrary">
<arg>${locator}</arg>
<arg>10s</arg>
<doc>Waits until the element ``locator`` is visible.</doc>
<status status="PASS" start="2026-04-06T23:14:29.092310" elapsed="0.025279"/>
</kw>
<kw name="Wait Until Element Is Enabled" owner="SeleniumLibrary">
<arg>${locator}</arg>
<arg>10s</arg>
<doc>Waits until the element ``locator`` is enabled.</doc>
<status status="PASS" start="2026-04-06T23:14:29.117589" elapsed="0.024956"/>
</kw>
<kw name="Scroll Element Into View" owner="SeleniumLibrary">
<arg>${locator}</arg>
<doc>Scrolls the element identified by ``locator`` into view.</doc>
<status status="PASS" start="2026-04-06T23:14:29.142545" elapsed="0.285606"/>
</kw>
<kw name="Click Button" owner="SeleniumLibrary">
<msg time="2026-04-06T23:14:29.429523" level="INFO">Clicking button 'id:remove-sauce-labs-backpack'.</msg>
<arg>${locator}</arg>
<doc>Clicks the button identified by ``locator``.</doc>
<status status="PASS" start="2026-04-06T23:14:29.428151" elapsed="0.138019"/>
</kw>
<arg>id:remove-sauce-labs-backpack</arg>
<status status="PASS" start="2026-04-06T23:14:29.092310" elapsed="0.473860"/>
</kw>
<status status="PASS" start="2026-04-06T23:14:29.092310" elapsed="0.473860"/>
</kw>
<kw name="Open Cart" owner="products_page">
<kw name="Click Element Safely" owner="common">
<kw name="Wait Until Element Is Visible" owner="SeleniumLibrary">
<arg>${locator}</arg>
<arg>10s</arg>
<doc>Waits until the element ``locator`` is visible.</doc>
<status status="PASS" start="2026-04-06T23:14:29.567198" elapsed="0.025895"/>
</kw>
<kw name="Wait Until Element Is Enabled" owner="SeleniumLibrary">
<arg>${locator}</arg>
<arg>10s</arg>
<doc>Waits until the element ``locator`` is enabled.</doc>
<status status="PASS" start="2026-04-06T23:14:29.593093" elapsed="0.050178"/>
</kw>
<kw name="Scroll Element Into View" owner="SeleniumLibrary">
<arg>${locator}</arg>
<doc>Scrolls the element identified by ``locator`` into view.</doc>
<status status="PASS" start="2026-04-06T23:14:29.643271" elapsed="0.276840"/>
</kw>
<kw name="Click Element" owner="SeleniumLibrary">
<msg time="2026-04-06T23:14:29.920661" level="INFO">Clicking element 'class:shopping_cart_link'.</msg>
<arg>${locator}</arg>
<doc>Click the element identified by ``locator``.</doc>
<status status="PASS" start="2026-04-06T23:14:29.920111" elapsed="0.091052"/>
</kw>
<arg>class:shopping_cart_link</arg>
<status status="PASS" start="2026-04-06T23:14:29.567198" elapsed="0.443965"/>
</kw>
<kw name="Wait Until Location Contains" owner="SeleniumLibrary">
<arg>cart.html</arg>
<arg>10s</arg>
<doc>Waits until the current URL contains ``expected``.</doc>
<status status="PASS" start="2026-04-06T23:14:30.011621" elapsed="0.004494"/>
</kw>
<kw name="Wait Until Element Is Visible" owner="SeleniumLibrary">
<arg>id:checkout</arg>
<arg>10s</arg>
<doc>Waits until the element ``locator`` is visible.</doc>
<status status="PASS" start="2026-04-06T23:14:30.016115" elapsed="0.028123"/>
</kw>
<status status="PASS" start="2026-04-06T23:14:29.566170" elapsed="0.478784"/>
</kw>
<kw name="Verify Cart Is Empty" owner="products_page">
<kw name="Page Should Not Contain Element" owner="SeleniumLibrary">
<msg time="2026-04-06T23:14:30.058797" level="INFO">Current page does not contain element 'xpath://div[text()='Sauce Labs Backpack']'.</msg>
<arg>xpath://div[text()='Sauce Labs Backpack']</arg>
<doc>Verifies that element ``locator`` is not found on the current page.</doc>
<status status="PASS" start="2026-04-06T23:14:30.044954" elapsed="0.013843"/>
</kw>
<status status="PASS" start="2026-04-06T23:14:30.044954" elapsed="0.013843"/>
</kw>
<kw name="Close Browser Session" owner="common" type="TEARDOWN">
<kw name="Close Browser" owner="SeleniumLibrary">
<doc>Closes the current browser.</doc>
<status status="PASS" start="2026-04-06T23:14:30.058797" elapsed="2.207601"/>
</kw>
<status status="PASS" start="2026-04-06T23:14:30.058797" elapsed="2.208347"/>
</kw>
<tag>cart</tag>
<tag>regression</tag>
<status status="PASS" start="2026-04-06T23:14:24.983972" elapsed="7.283172"/>
</test>
<status status="PASS" start="2026-04-06T23:14:16.166210" elapsed="16.102018"/>
</suite>
<suite id="s1-s2" name="Checkout" source="C:\Users\LOQ\Documents\GitHub\End-to-end-web-test-automation-framework-for-an-e-commerce-demo-site\tests\checkout.robot">
<test id="s1-s2-t1" name="Complete Checkout" line="12">
<kw name="Open Browser To Login Page" owner="common" type="SETUP">
<kw name="Evaluate" owner="BuiltIn">
<msg time="2026-04-06T23:14:32.293218" level="INFO">${chrome_options} = &lt;selenium.webdriver.chrome.options.Options object at 0x00000259BADED890&gt;</msg>
<var>${chrome_options}</var>
<arg>sys.modules['selenium.webdriver'].ChromeOptions()</arg>
<arg>sys, selenium.webdriver</arg>
<doc>Evaluates the given expression in Python and returns the result.</doc>
<status status="PASS" start="2026-04-06T23:14:32.293218" elapsed="0.000000"/>
</kw>
<if>
<branch type="IF" condition="${HEADLESS}">
<kw name="Call Method" owner="BuiltIn">
<arg>${chrome_options}</arg>
<arg>add_argument</arg>
<arg>--headless=new</arg>
<doc>Calls the named method of the given object with the provided arguments.</doc>
<status status="NOT RUN" start="2026-04-06T23:14:32.293218" elapsed="0.000000"/>
</kw>
<kw name="Call Method" owner="BuiltIn">
<arg>${chrome_options}</arg>
<arg>add_argument</arg>
<arg>--no-sandbox</arg>
<doc>Calls the named method of the given object with the provided arguments.</doc>
<status status="NOT RUN" start="2026-04-06T23:14:32.293218" elapsed="0.000000"/>
</kw>
<kw name="Call Method" owner="BuiltIn">
<arg>${chrome_options}</arg>
<arg>add_argument</arg>
<arg>--disable-dev-shm-usage</arg>
<doc>Calls the named method of the given object with the provided arguments.</doc>
<status status="NOT RUN" start="2026-04-06T23:14:32.293218" elapsed="0.000000"/>
</kw>
<kw name="Call Method" owner="BuiltIn">
<arg>${chrome_options}</arg>
<arg>add_argument</arg>
<arg>--window-size=1920,1080</arg>
<doc>Calls the named method of the given object with the provided arguments.</doc>
<status status="NOT RUN" start="2026-04-06T23:14:32.293218" elapsed="0.000000"/>
</kw>
<status status="NOT RUN" start="2026-04-06T23:14:32.293218" elapsed="0.000000"/>
</branch>
<status status="PASS" start="2026-04-06T23:14:32.293218" elapsed="0.000000"/>
</if>
<kw name="Call Method" owner="BuiltIn">
<arg>${chrome_options}</arg>
<arg>add_argument</arg>
<arg>--disable-notifications</arg>
<doc>Calls the named method of the given object with the provided arguments.</doc>
<status status="PASS" start="2026-04-06T23:14:32.293218" elapsed="0.003394"/>
</kw>
<kw name="Call Method" owner="BuiltIn">
<arg>${chrome_options}</arg>
<arg>add_argument</arg>
<arg>--incognito</arg>
<doc>Calls the named method of the given object with the provided arguments.</doc>
<status status="PASS" start="2026-04-06T23:14:32.296612" elapsed="0.000000"/>
</kw>
<kw name="Create Dictionary" owner="BuiltIn">
<msg time="2026-04-06T23:14:32.298361" level="INFO">${prefs} = {'credentials_enable_service': False, 'profile.password_manager_enabled': False}</msg>
<var>${prefs}</var>
<arg>credentials_enable_service=${False}</arg>
<arg>profile.password_manager_enabled=${False}</arg>
<doc>Creates and returns a dictionary based on the given ``items``.</doc>
<status status="PASS" start="2026-04-06T23:14:32.296612" elapsed="0.001749"/>
</kw>
<kw name="Call Method" owner="BuiltIn">
<arg>${chrome_options}</arg>
<arg>add_experimental_option</arg>
<arg>prefs</arg>
<arg>${prefs}</arg>
<doc>Calls the named method of the given object with the provided arguments.</doc>
<status status="PASS" start="2026-04-06T23:14:32.299130" elapsed="0.000000"/>
</kw>
<kw name="Open Browser" owner="SeleniumLibrary">
<msg time="2026-04-06T23:14:32.300162" level="INFO">Opening browser 'chrome' to base url 'https://www.saucedemo.com/'.</msg>
<arg>${URL}</arg>
<arg>chrome</arg>
<arg>options=${chrome_options}</arg>
<doc>Opens a new browser instance to the optional ``url``.</doc>
<status status="PASS" start="2026-04-06T23:14:32.300162" elapsed="4.391054"/>
</kw>
<kw name="Maximize Browser Window" owner="SeleniumLibrary">
<doc>Maximizes current browser window.</doc>
<status status="PASS" start="2026-04-06T23:14:36.691216" elapsed="0.053274"/>
</kw>
<kw name="Set Selenium Timeout" owner="SeleniumLibrary">
<arg>10s</arg>
<doc>Sets the timeout that is used by various keywords.</doc>
<status status="PASS" start="2026-04-06T23:14:36.745325" elapsed="0.003136"/>
</kw>
<kw name="Register Keyword To Run On Failure" owner="SeleniumLibrary">
<msg time="2026-04-06T23:14:36.749592" level="INFO">Capture Page Screenshot will be run on failure.</msg>
<arg>Capture Page Screenshot</arg>
<doc>Sets the keyword to execute, when a SeleniumLibrary keyword fails.</doc>
<status status="PASS" start="2026-04-06T23:14:36.748461" elapsed="0.001131"/>
</kw>
<status status="PASS" start="2026-04-06T23:14:32.293218" elapsed="4.456943"/>
</kw>
<kw name="Login With Credentials" owner="login_page">
<kw name="Enter Username" owner="login_page">
<kw name="Input Text Safely" owner="common">
<kw name="Wait Until Element Is Visible" owner="SeleniumLibrary">
<arg>${locator}</arg>
<arg>10s</arg>
<doc>Waits until the element ``locator`` is visible.</doc>
<status status="PASS" start="2026-04-06T23:14:36.752418" elapsed="0.032848"/>
</kw>
<kw name="Clear Element Text" owner="SeleniumLibrary">
<arg>${locator}</arg>
<doc>Clears the value of the text-input-element identified by ``locator``.</doc>
<status status="PASS" start="2026-04-06T23:14:36.785988" elapsed="0.057400"/>
</kw>
<kw name="Input Text" owner="SeleniumLibrary">
<msg time="2026-04-06T23:14:36.844419" level="INFO">Typing text 'standard_user' into text field 'id:user-name'.</msg>
<arg>${locator}</arg>
<arg>${text}</arg>
<doc>Types the given ``text`` into the text field identified by ``locator``.</doc>
<status status="PASS" start="2026-04-06T23:14:36.844419" elapsed="0.142714"/>
</kw>
<arg>id:user-name</arg>
<arg>${username}</arg>
<status status="PASS" start="2026-04-06T23:14:36.750890" elapsed="0.236792"/>
</kw>
<arg>${username}</arg>
<status status="PASS" start="2026-04-06T23:14:36.750890" elapsed="0.236792"/>
</kw>
<kw name="Enter Password" owner="login_page">
<kw name="Input Text Safely" owner="common">
<kw name="Wait Until Element Is Visible" owner="SeleniumLibrary">
<arg>${locator}</arg>
<arg>10s</arg>
<doc>Waits until the element ``locator`` is visible.</doc>
<status status="PASS" start="2026-04-06T23:14:36.989188" elapsed="0.021753"/>
</kw>
<kw name="Clear Element Text" owner="SeleniumLibrary">
<arg>${locator}</arg>
<doc>Clears the value of the text-input-element identified by ``locator``.</doc>
<status status="PASS" start="2026-04-06T23:14:37.010941" elapsed="0.037531"/>
</kw>
<kw name="Input Text" owner="SeleniumLibrary">
<msg time="2026-04-06T23:14:37.048472" level="INFO">Typing text 'secret_sauce' into text field 'id:password'.</msg>
<arg>${locator}</arg>
<arg>${text}</arg>
<doc>Types the given ``text`` into the text field identified by ``locator``.</doc>
<status status="PASS" start="2026-04-06T23:14:37.048472" elapsed="0.119960"/>
</kw>
<arg>id:password</arg>
<arg>${password}</arg>
<status status="PASS" start="2026-04-06T23:14:36.987682" elapsed="0.180750"/>
</kw>
<arg>${password}</arg>
<status status="PASS" start="2026-04-06T23:14:36.987682" elapsed="0.180750"/>
</kw>
<kw name="Click Login" owner="login_page">
<kw name="Click Button Safely" owner="common">
<kw name="Wait Until Element Is Visible" owner="SeleniumLibrary">
<arg>${locator}</arg>
<arg>10s</arg>
<doc>Waits until the element ``locator`` is visible.</doc>
<status status="PASS" start="2026-04-06T23:14:37.170814" elapsed="0.021450"/>
</kw>
<kw name="Wait Until Element Is Enabled" owner="SeleniumLibrary">
<arg>${locator}</arg>
<arg>10s</arg>
<doc>Waits until the element ``locator`` is enabled.</doc>
<status status="PASS" start="2026-04-06T23:14:37.192264" elapsed="0.027607"/>
</kw>
<kw name="Scroll Element Into View" owner="SeleniumLibrary">
<arg>${locator}</arg>
<doc>Scrolls the element identified by ``locator`` into view.</doc>
<status status="PASS" start="2026-04-06T23:14:37.223445" elapsed="0.287536"/>
</kw>
<kw name="Click Button" owner="SeleniumLibrary">
<msg time="2026-04-06T23:14:37.510981" level="INFO">Clicking button 'id:login-button'.</msg>
<arg>${locator}</arg>
<doc>Clicks the button identified by ``locator``.</doc>
<status status="PASS" start="2026-04-06T23:14:37.510981" elapsed="0.157805"/>
</kw>
<arg>id:login-button</arg>
<status status="PASS" start="2026-04-06T23:14:37.170814" elapsed="0.498984"/>
</kw>
<status status="PASS" start="2026-04-06T23:14:37.170814" elapsed="0.498984"/>
</kw>
<arg>${VALID_USERNAME}</arg>
<arg>${VALID_PASSWORD}</arg>
<status status="PASS" start="2026-04-06T23:14:36.750161" elapsed="0.919637"/>
</kw>
<kw name="Verify Successful Login" owner="login_page">
<kw name="Wait Until Location Contains" owner="SeleniumLibrary">
<arg>inventory.html</arg>
<arg>10s</arg>
<doc>Waits until the current URL contains ``expected``.</doc>
<status status="PASS" start="2026-04-06T23:14:37.670798" elapsed="0.009600"/>
</kw>
<kw name="Wait Until Element Is Visible" owner="SeleniumLibrary">
<arg>xpath://span[text()='Products']</arg>
<arg>10s</arg>
<doc>Waits until the element ``locator`` is visible.</doc>
<status status="PASS" start="2026-04-06T23:14:37.680398" elapsed="0.026111"/>
</kw>
<status status="PASS" start="2026-04-06T23:14:37.670798" elapsed="0.035711"/>
</kw>
<kw name="Add Backpack To Cart" owner="products_page">
<kw name="Click Button Safely" owner="common">
<kw name="Wait Until Element Is Visible" owner="SeleniumLibrary">
<arg>${locator}</arg>
<arg>10s</arg>
<doc>Waits until the element ``locator`` is visible.</doc>
<status status="PASS" start="2026-04-06T23:14:37.708784" elapsed="0.023472"/>
</kw>
<kw name="Wait Until Element Is Enabled" owner="SeleniumLibrary">
<arg>${locator}</arg>
<arg>10s</arg>
<doc>Waits until the element ``locator`` is enabled.</doc>
<status status="PASS" start="2026-04-06T23:14:37.732256" elapsed="0.024473"/>
</kw>
<kw name="Scroll Element Into View" owner="SeleniumLibrary">
<arg>${locator}</arg>
<doc>Scrolls the element identified by ``locator`` into view.</doc>
<status status="PASS" start="2026-04-06T23:14:37.756729" elapsed="0.322854"/>
</kw>
<kw name="Click Button" owner="SeleniumLibrary">
<msg time="2026-04-06T23:14:38.080636" level="INFO">Clicking button 'id:add-to-cart-sauce-labs-backpack'.</msg>
<arg>${locator}</arg>
<doc>Clicks the button identified by ``locator``.</doc>
<status status="PASS" start="2026-04-06T23:14:38.080636" elapsed="0.094091"/>
</kw>
<arg>id:add-to-cart-sauce-labs-backpack</arg>
<status status="PASS" start="2026-04-06T23:14:37.706509" elapsed="0.468218"/>
</kw>
<status status="PASS" start="2026-04-06T23:14:37.706509" elapsed="0.468218"/>
</kw>
<kw name="Open Cart" owner="products_page">
<kw name="Click Element Safely" owner="common">
<kw name="Wait Until Element Is Visible" owner="SeleniumLibrary">
<arg>${locator}</arg>
<arg>10s</arg>
<doc>Waits until the element ``locator`` is visible.</doc>
<status status="PASS" start="2026-04-06T23:14:38.176504" elapsed="0.041738"/>
</kw>
<kw name="Wait Until Element Is Enabled" owner="SeleniumLibrary">
<arg>${locator}</arg>
<arg>10s</arg>
<doc>Waits until the element ``locator`` is enabled.</doc>
<status status="PASS" start="2026-04-06T23:14:38.218242" elapsed="0.041419"/>
</kw>
<kw name="Scroll Element Into View" owner="SeleniumLibrary">
<arg>${locator}</arg>
<doc>Scrolls the element identified by ``locator`` into view.</doc>
<status status="PASS" start="2026-04-06T23:14:38.262443" elapsed="0.282583"/>
</kw>
<kw name="Click Element" owner="SeleniumLibrary">
<msg time="2026-04-06T23:14:38.546558" level="INFO">Clicking element 'class:shopping_cart_link'.</msg>
<arg>${locator}</arg>
<doc>Click the element identified by ``locator``.</doc>
<status status="PASS" start="2026-04-06T23:14:38.546558" elapsed="0.106961"/>
</kw>
<arg>class:shopping_cart_link</arg>
<status status="PASS" start="2026-04-06T23:14:38.176504" elapsed="0.478151"/>
</kw>
<kw name="Wait Until Location Contains" owner="SeleniumLibrary">
<arg>cart.html</arg>
<arg>10s</arg>
<doc>Waits until the current URL contains ``expected``.</doc>
<status status="PASS" start="2026-04-06T23:14:38.654655" elapsed="0.007150"/>
</kw>
<kw name="Wait Until Element Is Visible" owner="SeleniumLibrary">
<arg>id:checkout</arg>
<arg>10s</arg>
<doc>Waits until the element ``locator`` is visible.</doc>
<status status="PASS" start="2026-04-06T23:14:38.661805" elapsed="0.022960"/>
</kw>
<status status="PASS" start="2026-04-06T23:14:38.176504" elapsed="0.509331"/>
</kw>
<kw name="Verify Cart Has Backpack" owner="products_page">
<kw name="Wait Until Element Is Visible" owner="SeleniumLibrary">
<arg>xpath://div[text()='Sauce Labs Backpack']</arg>
<arg>10s</arg>
<doc>Waits until the element ``locator`` is visible.</doc>
<status status="PASS" start="2026-04-06T23:14:38.686839" elapsed="0.022822"/>
</kw>
<status status="PASS" start="2026-04-06T23:14:38.685835" elapsed="0.023826"/>
</kw>
<kw name="Click Checkout" owner="checkout_page">
<kw name="Click Button Safely" owner="common">
<kw name="Wait Until Element Is Visible" owner="SeleniumLibrary">
<arg>${locator}</arg>
<arg>10s</arg>
<doc>Waits until the element ``locator`` is visible.</doc>
<status status="PASS" start="2026-04-06T23:14:38.710673" elapsed="0.020759"/>
</kw>
<kw name="Wait Until Element Is Enabled" owner="SeleniumLibrary">
<arg>${locator}</arg>
<arg>10s</arg>
<doc>Waits until the element ``locator`` is enabled.</doc>
<status status="PASS" start="2026-04-06T23:14:38.731432" elapsed="0.025030"/>
</kw>
<kw name="Scroll Element Into View" owner="SeleniumLibrary">
<arg>${locator}</arg>
<doc>Scrolls the element identified by ``locator`` into view.</doc>
<status status="PASS" start="2026-04-06T23:14:38.756462" elapsed="0.278359"/>
</kw>
<kw name="Click Button" owner="SeleniumLibrary">
<msg time="2026-04-06T23:14:39.034821" level="INFO">Clicking button 'id:checkout'.</msg>
<arg>${locator}</arg>
<doc>Clicks the button identified by ``locator``.</doc>
<status status="PASS" start="2026-04-06T23:14:39.034821" elapsed="0.099221"/>
</kw>
<arg>id:checkout</arg>
<status status="PASS" start="2026-04-06T23:14:38.710673" elapsed="0.423369"/>
</kw>
<kw name="Wait Until Location Contains" owner="SeleniumLibrary">
<arg>checkout-step-one.html</arg>
<arg>10s</arg>
<doc>Waits until the current URL contains ``expected``.</doc>
<status status="PASS" start="2026-04-06T23:14:39.134583" elapsed="0.006601"/>
</kw>
<kw name="Wait Until Element Is Visible" owner="SeleniumLibrary">
<arg>id:first-name</arg>
<arg>10s</arg>
<doc>Waits until the element ``locator`` is visible.</doc>
<status status="PASS" start="2026-04-06T23:14:39.141184" elapsed="0.020489"/>
</kw>
<status status="PASS" start="2026-04-06T23:14:38.710673" elapsed="0.451000"/>
</kw>
<kw name="Enter Checkout Information" owner="checkout_page">
<kw name="Is Valid Postal Code" owner="helpers">
<msg time="2026-04-06T23:14:39.161673" level="INFO">${is_valid} = True</msg>
<var>${is_valid}</var>
<arg>${postalcode}</arg>
<status status="PASS" start="2026-04-06T23:14:39.161673" elapsed="0.000000"/>
</kw>
<kw name="Should Be True" owner="BuiltIn">
<arg>${is_valid}</arg>
<doc>Fails if the given condition is not true.</doc>
<status status="PASS" start="2026-04-06T23:14:39.161673" elapsed="0.002752"/>
</kw>
<kw name="Input Text Safely" owner="common">
<kw name="Wait Until Element Is Visible" owner="SeleniumLibrary">
<arg>${locator}</arg>
<arg>10s</arg>
<doc>Waits until the element ``locator`` is visible.</doc>
<status status="PASS" start="2026-04-06T23:14:39.164425" elapsed="0.018714"/>
</kw>
<kw name="Clear Element Text" owner="SeleniumLibrary">
<arg>${locator}</arg>
<doc>Clears the value of the text-input-element identified by ``locator``.</doc>
<status status="PASS" start="2026-04-06T23:14:39.183139" elapsed="0.047069"/>
</kw>
<kw name="Input Text" owner="SeleniumLibrary">
<msg time="2026-04-06T23:14:39.231956" level="INFO">Typing text 'Ahmed' into text field 'id:first-name'.</msg>
<arg>${locator}</arg>
<arg>${text}</arg>
<doc>Types the given ``text`` into the text field identified by ``locator``.</doc>
<status status="PASS" start="2026-04-06T23:14:39.231956" elapsed="0.129414"/>
</kw>
<arg>id:first-name</arg>
<arg>${firstname}</arg>
<status status="PASS" start="2026-04-06T23:14:39.164425" elapsed="0.196945"/>
</kw>
<kw name="Input Text Safely" owner="common">
<kw name="Wait Until Element Is Visible" owner="SeleniumLibrary">
<arg>${locator}</arg>
<arg>10s</arg>
<doc>Waits until the element ``locator`` is visible.</doc>
<status status="PASS" start="2026-04-06T23:14:39.362708" elapsed="0.027847"/>
</kw>
<kw name="Clear Element Text" owner="SeleniumLibrary">
<arg>${locator}</arg>
<doc>Clears the value of the text-input-element identified by ``locator``.</doc>
<status status="PASS" start="2026-04-06T23:14:39.390555" elapsed="0.039712"/>
</kw>
<kw name="Input Text" owner="SeleniumLibrary">
<msg time="2026-04-06T23:14:39.430267" level="INFO">Typing text 'Ashraf' into text field 'id:last-name'.</msg>
<arg>${locator}</arg>
<arg>${text}</arg>
<doc>Types the given ``text`` into the text field identified by ``locator``.</doc>
<status status="PASS" start="2026-04-06T23:14:39.430267" elapsed="0.102510"/>
</kw>
<arg>id:last-name</arg>
<arg>${lastname}</arg>
<status status="PASS" start="2026-04-06T23:14:39.361370" elapsed="0.172970"/>
</kw>
<kw name="Input Text Safely" owner="common">
<kw name="Wait Until Element Is Visible" owner="SeleniumLibrary">
<arg>${locator}</arg>
<arg>10s</arg>
<doc>Waits until the element ``locator`` is visible.</doc>
<status status="PASS" start="2026-04-06T23:14:39.534340" elapsed="0.025557"/>
</kw>
<kw name="Clear Element Text" owner="SeleniumLibrary">
<arg>${locator}</arg>
<doc>Clears the value of the text-input-element identified by ``locator``.</doc>
<status status="PASS" start="2026-04-06T23:14:39.559897" elapsed="0.035816"/>
</kw>
<kw name="Input Text" owner="SeleniumLibrary">
<msg time="2026-04-06T23:14:39.596723" level="INFO">Typing text '12345' into text field 'id:postal-code'.</msg>
<arg>${locator}</arg>
<arg>${text}</arg>
<doc>Types the given ``text`` into the text field identified by ``locator``.</doc>
<status status="PASS" start="2026-04-06T23:14:39.595713" elapsed="0.101397"/>
</kw>
<arg>id:postal-code</arg>
<arg>${postalcode}</arg>
<status status="PASS" start="2026-04-06T23:14:39.534340" elapsed="0.162770"/>
</kw>
<kw name="Click Button Safely" owner="common">
<kw name="Wait Until Element Is Visible" owner="SeleniumLibrary">
<arg>${locator}</arg>
<arg>10s</arg>
<doc>Waits until the element ``locator`` is visible.</doc>
<status status="PASS" start="2026-04-06T23:14:39.698609" elapsed="0.024585"/>
</kw>
<kw name="Wait Until Element Is Enabled" owner="SeleniumLibrary">
<arg>${locator}</arg>
<arg>10s</arg>
<doc>Waits until the element ``locator`` is enabled.</doc>
<status status="PASS" start="2026-04-06T23:14:39.723194" elapsed="0.023334"/>
</kw>
<kw name="Scroll Element Into View" owner="SeleniumLibrary">
<arg>${locator}</arg>
<doc>Scrolls the element identified by ``locator`` into view.</doc>
<status status="PASS" start="2026-04-06T23:14:39.746528" elapsed="0.280474"/>
</kw>
<kw name="Click Button" owner="SeleniumLibrary">
<msg time="2026-04-06T23:14:40.027002" level="INFO">Clicking button 'id:continue'.</msg>
<arg>${locator}</arg>
<doc>Clicks the button identified by ``locator``.</doc>
<status status="PASS" start="2026-04-06T23:14:40.027002" elapsed="0.107267"/>
</kw>
<arg>id:continue</arg>
<status status="PASS" start="2026-04-06T23:14:39.698609" elapsed="0.436171"/>
</kw>
<arg>${FIRSTNAME}</arg>
<arg>${LASTNAME}</arg>
<arg>${POSTALCODE}</arg>
<status status="PASS" start="2026-04-06T23:14:39.161673" elapsed="0.973107"/>
</kw>
<kw name="Verify Checkout Overview Page" owner="checkout_page">
<kw name="Wait Until Location Contains" owner="SeleniumLibrary">
<arg>checkout-step-two.html</arg>
<arg>10s</arg>
<doc>Waits until the current URL contains ``expected``.</doc>
<status status="PASS" start="2026-04-06T23:14:40.136576" elapsed="0.005518"/>
</kw>
<kw name="Wait Until Element Is Visible" owner="SeleniumLibrary">
<arg>id:finish</arg>
<arg>10s</arg>
<doc>Waits until the element ``locator`` is visible.</doc>
<status status="PASS" start="2026-04-06T23:14:40.143091" elapsed="0.021342"/>
</kw>
<status status="PASS" start="2026-04-06T23:14:40.136576" elapsed="0.027857"/>
</kw>
<kw name="Finish Checkout" owner="checkout_page">
<kw name="Click Button Safely" owner="common">
<kw name="Wait Until Element Is Visible" owner="SeleniumLibrary">
<arg>${locator}</arg>
<arg>10s</arg>
<doc>Waits until the element ``locator`` is visible.</doc>
<status status="PASS" start="2026-04-06T23:14:40.166447" elapsed="0.019643"/>
</kw>
<kw name="Wait Until Element Is Enabled" owner="SeleniumLibrary">
<arg>${locator}</arg>
<arg>10s</arg>
<doc>Waits until the element ``locator`` is enabled.</doc>
<status status="PASS" start="2026-04-06T23:14:40.186090" elapsed="0.020610"/>
</kw>
<kw name="Scroll Element Into View" owner="SeleniumLibrary">
<arg>${locator}</arg>
<doc>Scrolls the element identified by ``locator`` into view.</doc>
<status status="PASS" start="2026-04-06T23:14:40.209468" elapsed="0.284309"/>
</kw>
<kw name="Click Button" owner="SeleniumLibrary">
<msg time="2026-04-06T23:14:40.493777" level="INFO">Clicking button 'id:finish'.</msg>
<arg>${locator}</arg>
<doc>Clicks the button identified by ``locator``.</doc>
<status status="PASS" start="2026-04-06T23:14:40.493777" elapsed="0.098238"/>
</kw>
<arg>id:finish</arg>
<status status="PASS" start="2026-04-06T23:14:40.166447" elapsed="0.425568"/>
</kw>
<status status="PASS" start="2026-04-06T23:14:40.164433" elapsed="0.427582"/>
</kw>
<kw name="Verify Checkout Complete" owner="checkout_page">
<kw name="Wait Until Location Contains" owner="SeleniumLibrary">
<arg>checkout-complete.html</arg>
<arg>10s</arg>
<doc>Waits until the current URL contains ``expected``.</doc>
<status status="PASS" start="2026-04-06T23:14:40.594079" elapsed="0.008151"/>
</kw>
<kw name="Wait Until Page Contains" owner="SeleniumLibrary">
<arg>Thank you for your order!</arg>
<arg>10s</arg>
<doc>Waits until ``text`` appears on the current page.</doc>
<status status="PASS" start="2026-04-06T23:14:40.602230" elapsed="0.015101"/>
</kw>
<status status="PASS" start="2026-04-06T23:14:40.593081" elapsed="0.024250"/>
</kw>
<kw name="Close Browser Session" owner="common" type="TEARDOWN">
<kw name="Close Browser" owner="SeleniumLibrary">
<doc>Closes the current browser.</doc>
<status status="PASS" start="2026-04-06T23:14:40.617882" elapsed="2.193694"/>
</kw>
<status status="PASS" start="2026-04-06T23:14:40.617882" elapsed="2.193694"/>
</kw>
<tag>checkout</tag>
<tag>regression</tag>
<tag>smoke</tag>
<status status="PASS" start="2026-04-06T23:14:32.293218" elapsed="10.519744"/>
</test>
<test id="s1-s2-t2" name="Checkout With Missing First Name" line="25">
<kw name="Open Browser To Login Page" owner="common" type="SETUP">
<kw name="Evaluate" owner="BuiltIn">
<msg time="2026-04-06T23:14:42.814422" level="INFO">${chrome_options} = &lt;selenium.webdriver.chrome.options.Options object at 0x00000259BAE23390&gt;</msg>
<var>${chrome_options}</var>
<arg>sys.modules['selenium.webdriver'].ChromeOptions()</arg>
<arg>sys, selenium.webdriver</arg>
<doc>Evaluates the given expression in Python and returns the result.</doc>
<status status="PASS" start="2026-04-06T23:14:42.814422" elapsed="0.000000"/>
</kw>
<if>
<branch type="IF" condition="${HEADLESS}">
<kw name="Call Method" owner="BuiltIn">
<arg>${chrome_options}</arg>
<arg>add_argument</arg>
<arg>--headless=new</arg>
<doc>Calls the named method of the given object with the provided arguments.</doc>
<status status="NOT RUN" start="2026-04-06T23:14:42.814422" elapsed="0.000000"/>
</kw>
<kw name="Call Method" owner="BuiltIn">
<arg>${chrome_options}</arg>
<arg>add_argument</arg>
<arg>--no-sandbox</arg>
<doc>Calls the named method of the given object with the provided arguments.</doc>
<status status="NOT RUN" start="2026-04-06T23:14:42.814422" elapsed="0.000000"/>
</kw>
<kw name="Call Method" owner="BuiltIn">
<arg>${chrome_options}</arg>
<arg>add_argument</arg>
<arg>--disable-dev-shm-usage</arg>
<doc>Calls the named method of the given object with the provided arguments.</doc>
<status status="NOT RUN" start="2026-04-06T23:14:42.816966" elapsed="0.000000"/>
</kw>
<kw name="Call Method" owner="BuiltIn">
<arg>${chrome_options}</arg>
<arg>add_argument</arg>
<arg>--window-size=1920,1080</arg>
<doc>Calls the named method of the given object with the provided arguments.</doc>
<status status="NOT RUN" start="2026-04-06T23:14:42.816966" elapsed="0.000000"/>
</kw>
<status status="NOT RUN" start="2026-04-06T23:14:42.814422" elapsed="0.002544"/>
</branch>
<status status="PASS" start="2026-04-06T23:14:42.814422" elapsed="0.002544"/>
</if>
<kw name="Call Method" owner="BuiltIn">
<arg>${chrome_options}</arg>
<arg>add_argument</arg>
<arg>--disable-notifications</arg>
<doc>Calls the named method of the given object with the provided arguments.</doc>
<status status="PASS" start="2026-04-06T23:14:42.817987" elapsed="0.000000"/>
</kw>
<kw name="Call Method" owner="BuiltIn">
<arg>${chrome_options}</arg>
<arg>add_argument</arg>
<arg>--incognito</arg>
<doc>Calls the named method of the given object with the provided arguments.</doc>
<status status="PASS" start="2026-04-06T23:14:42.817987" elapsed="0.000000"/>
</kw>
<kw name="Create Dictionary" owner="BuiltIn">
<msg time="2026-04-06T23:14:42.817987" level="INFO">${prefs} = {'credentials_enable_service': False, 'profile.password_manager_enabled': False}</msg>
<var>${prefs}</var>
<arg>credentials_enable_service=${False}</arg>
<arg>profile.password_manager_enabled=${False}</arg>
<doc>Creates and returns a dictionary based on the given ``items``.</doc>
<status status="PASS" start="2026-04-06T23:14:42.817987" elapsed="0.000000"/>
</kw>
<kw name="Call Method" owner="BuiltIn">
<arg>${chrome_options}</arg>
<arg>add_experimental_option</arg>
<arg>prefs</arg>
<arg>${prefs}</arg>
<doc>Calls the named method of the given object with the provided arguments.</doc>
<status status="PASS" start="2026-04-06T23:14:42.817987" elapsed="0.000000"/>
</kw>
<kw name="Open Browser" owner="SeleniumLibrary">
<msg time="2026-04-06T23:14:42.817987" level="INFO">Opening browser 'chrome' to base url 'https://www.saucedemo.com/'.</msg>
<arg>${URL}</arg>
<arg>chrome</arg>
<arg>options=${chrome_options}</arg>
<doc>Opens a new browser instance to the optional ``url``.</doc>
<status status="PASS" start="2026-04-06T23:14:42.817987" elapsed="2.822117"/>
</kw>
<kw name="Maximize Browser Window" owner="SeleniumLibrary">
<doc>Maximizes current browser window.</doc>
<status status="PASS" start="2026-04-06T23:14:45.641209" elapsed="0.040237"/>
</kw>
<kw name="Set Selenium Timeout" owner="SeleniumLibrary">
<arg>10s</arg>
<doc>Sets the timeout that is used by various keywords.</doc>
<status status="PASS" start="2026-04-06T23:14:45.681446" elapsed="0.000000"/>
</kw>
<kw name="Register Keyword To Run On Failure" owner="SeleniumLibrary">
<msg time="2026-04-06T23:14:45.681446" level="INFO">Capture Page Screenshot will be run on failure.</msg>
<arg>Capture Page Screenshot</arg>
<doc>Sets the keyword to execute, when a SeleniumLibrary keyword fails.</doc>
<status status="PASS" start="2026-04-06T23:14:45.681446" elapsed="0.000000"/>
</kw>
<status status="PASS" start="2026-04-06T23:14:42.814422" elapsed="2.872496"/>
</kw>
<kw name="Login With Credentials" owner="login_page">
<kw name="Enter Username" owner="login_page">
<kw name="Input Text Safely" owner="common">
<kw name="Wait Until Element Is Visible" owner="SeleniumLibrary">
<arg>${locator}</arg>
<arg>10s</arg>
<doc>Waits until the element ``locator`` is visible.</doc>
<status status="PASS" start="2026-04-06T23:14:45.689038" elapsed="0.048115"/>
</kw>
<kw name="Clear Element Text" owner="SeleniumLibrary">
<arg>${locator}</arg>
<doc>Clears the value of the text-input-element identified by ``locator``.</doc>
<status status="PASS" start="2026-04-06T23:14:45.739460" elapsed="0.070794"/>
</kw>
<kw name="Input Text" owner="SeleniumLibrary">
<msg time="2026-04-06T23:14:45.810254" level="INFO">Typing text 'standard_user' into text field 'id:user-name'.</msg>
<arg>${locator}</arg>
<arg>${text}</arg>
<doc>Types the given ``text`` into the text field identified by ``locator``.</doc>
<status status="PASS" start="2026-04-06T23:14:45.810254" elapsed="0.151037"/>
</kw>
<arg>id:user-name</arg>
<arg>${username}</arg>
<status status="PASS" start="2026-04-06T23:14:45.688106" elapsed="0.273185"/>
</kw>
<arg>${username}</arg>
<status status="PASS" start="2026-04-06T23:14:45.688106" elapsed="0.273185"/>
</kw>
<kw name="Enter Password" owner="login_page">
<kw name="Input Text Safely" owner="common">
<kw name="Wait Until Element Is Visible" owner="SeleniumLibrary">
<arg>${locator}</arg>
<arg>10s</arg>
<doc>Waits until the element ``locator`` is visible.</doc>
<status status="PASS" start="2026-04-06T23:14:45.962298" elapsed="0.025099"/>
</kw>
<kw name="Clear Element Text" owner="SeleniumLibrary">
<arg>${locator}</arg>
<doc>Clears the value of the text-input-element identified by ``locator``.</doc>
<status status="PASS" start="2026-04-06T23:14:45.987397" elapsed="0.037517"/>
</kw>
<kw name="Input Text" owner="SeleniumLibrary">
<msg time="2026-04-06T23:14:46.024914" level="INFO">Typing text 'secret_sauce' into text field 'id:password'.</msg>
<arg>${locator}</arg>
<arg>${text}</arg>
<doc>Types the given ``text`` into the text field identified by ``locator``.</doc>
<status status="PASS" start="2026-04-06T23:14:46.024914" elapsed="0.104728"/>
</kw>
<arg>id:password</arg>
<arg>${password}</arg>
<status status="PASS" start="2026-04-06T23:14:45.962298" elapsed="0.167344"/>
</kw>
<arg>${password}</arg>
<status status="PASS" start="2026-04-06T23:14:45.961291" elapsed="0.168351"/>
</kw>
<kw name="Click Login" owner="login_page">
<kw name="Click Button Safely" owner="common">
<kw name="Wait Until Element Is Visible" owner="SeleniumLibrary">
<arg>${locator}</arg>
<arg>10s</arg>
<doc>Waits until the element ``locator`` is visible.</doc>
<status status="PASS" start="2026-04-06T23:14:46.129642" elapsed="0.020905"/>
</kw>
<kw name="Wait Until Element Is Enabled" owner="SeleniumLibrary">
<arg>${locator}</arg>
<arg>10s</arg>
<doc>Waits until the element ``locator`` is enabled.</doc>
<status status="PASS" start="2026-04-06T23:14:46.150547" elapsed="0.026086"/>
</kw>
<kw name="Scroll Element Into View" owner="SeleniumLibrary">
<arg>${locator}</arg>
<doc>Scrolls the element identified by ``locator`` into view.</doc>
<status status="PASS" start="2026-04-06T23:14:46.176633" elapsed="0.286520"/>
</kw>
<kw name="Click Button" owner="SeleniumLibrary">
<msg time="2026-04-06T23:14:46.463153" level="INFO">Clicking button 'id:login-button'.</msg>
<arg>${locator}</arg>
<doc>Clicks the button identified by ``locator``.</doc>
<status status="PASS" start="2026-04-06T23:14:46.463153" elapsed="0.142776"/>
</kw>
<arg>id:login-button</arg>
<status status="PASS" start="2026-04-06T23:14:46.129642" elapsed="0.476287"/>
</kw>
<status status="PASS" start="2026-04-06T23:14:46.129642" elapsed="0.476287"/>
</kw>
<arg>${VALID_USERNAME}</arg>
<arg>${VALID_PASSWORD}</arg>
<status status="PASS" start="2026-04-06T23:14:45.686918" elapsed="0.919011"/>
</kw>
<kw name="Verify Successful Login" owner="login_page">
<kw name="Wait Until Location Contains" owner="SeleniumLibrary">
<arg>inventory.html</arg>
<arg>10s</arg>
<doc>Waits until the current URL contains ``expected``.</doc>
<status status="PASS" start="2026-04-06T23:14:46.611469" elapsed="0.008370"/>
</kw>
<kw name="Wait Until Element Is Visible" owner="SeleniumLibrary">
<arg>xpath://span[text()='Products']</arg>
<arg>10s</arg>
<doc>Waits until the element ``locator`` is visible.</doc>
<status status="PASS" start="2026-04-06T23:14:46.620908" elapsed="0.027627"/>
</kw>
<status status="PASS" start="2026-04-06T23:14:46.611469" elapsed="0.038165"/>
</kw>
<kw name="Add Backpack To Cart" owner="products_page">
<kw name="Click Button Safely" owner="common">
<kw name="Wait Until Element Is Visible" owner="SeleniumLibrary">
<arg>${locator}</arg>
<arg>10s</arg>
<doc>Waits until the element ``locator`` is visible.</doc>
<status status="PASS" start="2026-04-06T23:14:46.649634" elapsed="0.023724"/>
</kw>
<kw name="Wait Until Element Is Enabled" owner="SeleniumLibrary">
<arg>${locator}</arg>
<arg>10s</arg>
<doc>Waits until the element ``locator`` is enabled.</doc>
<status status="PASS" start="2026-04-06T23:14:46.673358" elapsed="0.023401"/>
</kw>
<kw name="Scroll Element Into View" owner="SeleniumLibrary">
<arg>${locator}</arg>
<doc>Scrolls the element identified by ``locator`` into view.</doc>
<status status="PASS" start="2026-04-06T23:14:46.696759" elapsed="0.313413"/>
</kw>
<kw name="Click Button" owner="SeleniumLibrary">
<msg time="2026-04-06T23:14:47.011838" level="INFO">Clicking button 'id:add-to-cart-sauce-labs-backpack'.</msg>
<arg>${locator}</arg>
<doc>Clicks the button identified by ``locator``.</doc>
<status status="PASS" start="2026-04-06T23:14:47.011838" elapsed="0.089797"/>
</kw>
<arg>id:add-to-cart-sauce-labs-backpack</arg>
<status status="PASS" start="2026-04-06T23:14:46.649634" elapsed="0.452001"/>
</kw>
<status status="PASS" start="2026-04-06T23:14:46.649634" elapsed="0.452001"/>
</kw>
<kw name="Open Cart" owner="products_page">
<kw name="Click Element Safely" owner="common">
<kw name="Wait Until Element Is Visible" owner="SeleniumLibrary">
<arg>${locator}</arg>
<arg>10s</arg>
<doc>Waits until the element ``locator`` is visible.</doc>
<status status="PASS" start="2026-04-06T23:14:47.103997" elapsed="0.030278"/>
</kw>
<kw name="Wait Until Element Is Enabled" owner="SeleniumLibrary">
<arg>${locator}</arg>
<arg>10s</arg>
<doc>Waits until the element ``locator`` is enabled.</doc>
<status status="PASS" start="2026-04-06T23:14:47.134275" elapsed="0.022677"/>
</kw>
<kw name="Scroll Element Into View" owner="SeleniumLibrary">
<arg>${locator}</arg>
<doc>Scrolls the element identified by ``locator`` into view.</doc>
<status status="PASS" start="2026-04-06T23:14:47.158803" elapsed="0.282687"/>
</kw>
<kw name="Click Element" owner="SeleniumLibrary">
<msg time="2026-04-06T23:14:47.441490" level="INFO">Clicking element 'class:shopping_cart_link'.</msg>
<arg>${locator}</arg>
<doc>Click the element identified by ``locator``.</doc>
<status status="PASS" start="2026-04-06T23:14:47.441490" elapsed="0.106762"/>
</kw>
<arg>class:shopping_cart_link</arg>
<status status="PASS" start="2026-04-06T23:14:47.101635" elapsed="0.446617"/>
</kw>
<kw name="Wait Until Location Contains" owner="SeleniumLibrary">
<arg>cart.html</arg>
<arg>10s</arg>
<doc>Waits until the current URL contains ``expected``.</doc>
<status status="PASS" start="2026-04-06T23:14:47.548252" elapsed="0.008655"/>
</kw>
<kw name="Wait Until Element Is Visible" owner="SeleniumLibrary">
<arg>id:checkout</arg>
<arg>10s</arg>
<doc>Waits until the element ``locator`` is visible.</doc>
<status status="PASS" start="2026-04-06T23:14:47.557919" elapsed="0.026610"/>
</kw>
<status status="PASS" start="2026-04-06T23:14:47.101635" elapsed="0.482894"/>
</kw>
<kw name="Click Checkout" owner="checkout_page">
<kw name="Click Button Safely" owner="common">
<kw name="Wait Until Element Is Visible" owner="SeleniumLibrary">
<arg>${locator}</arg>
<arg>10s</arg>
<doc>Waits until the element ``locator`` is visible.</doc>
<status status="PASS" start="2026-04-06T23:14:47.586531" elapsed="0.020114"/>
</kw>
<kw name="Wait Until Element Is Enabled" owner="SeleniumLibrary">
<arg>${locator}</arg>
<arg>10s</arg>
<doc>Waits until the element ``locator`` is enabled.</doc>
<status status="PASS" start="2026-04-06T23:14:47.607301" elapsed="0.026722"/>
</kw>
<kw name="Scroll Element Into View" owner="SeleniumLibrary">
<arg>${locator}</arg>
<doc>Scrolls the element identified by ``locator`` into view.</doc>
<status status="PASS" start="2026-04-06T23:14:47.634023" elapsed="0.275586"/>
</kw>
<kw name="Click Button" owner="SeleniumLibrary">
<msg time="2026-04-06T23:14:47.912646" level="INFO">Clicking button 'id:checkout'.</msg>
<arg>${locator}</arg>
<doc>Clicks the button identified by ``locator``.</doc>
<status status="PASS" start="2026-04-06T23:14:47.909609" elapsed="0.100993"/>
</kw>
<arg>id:checkout</arg>
<status status="PASS" start="2026-04-06T23:14:47.585531" elapsed="0.425071"/>
</kw>
<kw name="Wait Until Location Contains" owner="SeleniumLibrary">
<arg>checkout-step-one.html</arg>
<arg>10s</arg>
<doc>Waits until the current URL contains ``expected``.</doc>
<status status="PASS" start="2026-04-06T23:14:48.010602" elapsed="0.008100"/>
</kw>
<kw name="Wait Until Element Is Visible" owner="SeleniumLibrary">
<arg>id:first-name</arg>
<arg>10s</arg>
<doc>Waits until the element ``locator`` is visible.</doc>
<status status="PASS" start="2026-04-06T23:14:48.018702" elapsed="0.020793"/>
</kw>
<status status="PASS" start="2026-04-06T23:14:47.585531" elapsed="0.455587"/>
</kw>
<kw name="Enter Checkout Information Without Validation" owner="checkout_page">
<kw name="Input Text Safely" owner="common">
<kw name="Wait Until Element Is Visible" owner="SeleniumLibrary">
<arg>${locator}</arg>
<arg>10s</arg>
<doc>Waits until the element ``locator`` is visible.</doc>
<status status="PASS" start="2026-04-06T23:14:48.042138" elapsed="0.015788"/>
</kw>
<kw name="Clear Element Text" owner="SeleniumLibrary">
<arg>${locator}</arg>
<doc>Clears the value of the text-input-element identified by ``locator``.</doc>
<status status="PASS" start="2026-04-06T23:14:48.060264" elapsed="0.041378"/>
</kw>
<kw name="Input Text" owner="SeleniumLibrary">
<msg time="2026-04-06T23:14:48.102675" level="INFO">Typing text '' into text field 'id:first-name'.</msg>
<arg>${locator}</arg>
<arg>${text}</arg>
<doc>Types the given ``text`` into the text field identified by ``locator``.</doc>
<status status="PASS" start="2026-04-06T23:14:48.101642" elapsed="0.094218"/>
</kw>
<arg>id:first-name</arg>
<arg>${firstname}</arg>
<status status="PASS" start="2026-04-06T23:14:48.042138" elapsed="0.153722"/>
</kw>
<kw name="Input Text Safely" owner="common">
<kw name="Wait Until Element Is Visible" owner="SeleniumLibrary">
<arg>${locator}</arg>
<arg>10s</arg>
<doc>Waits until the element ``locator`` is visible.</doc>
<status status="PASS" start="2026-04-06T23:14:48.196855" elapsed="0.026273"/>
</kw>
<kw name="Clear Element Text" owner="SeleniumLibrary">
<arg>${locator}</arg>
<doc>Clears the value of the text-input-element identified by ``locator``.</doc>
<status status="PASS" start="2026-04-06T23:14:48.223128" elapsed="0.033851"/>
</kw>
<kw name="Input Text" owner="SeleniumLibrary">
<msg time="2026-04-06T23:14:48.256979" level="INFO">Typing text 'Ashraf' into text field 'id:last-name'.</msg>
<arg>${locator}</arg>
<arg>${text}</arg>
<doc>Types the given ``text`` into the text field identified by ``locator``.</doc>
<status status="PASS" start="2026-04-06T23:14:48.256979" elapsed="0.114103"/>
</kw>
<arg>id:last-name</arg>
<arg>${lastname}</arg>
<status status="PASS" start="2026-04-06T23:14:48.195860" elapsed="0.175222"/>
</kw>
<kw name="Input Text Safely" owner="common">
<kw name="Wait Until Element Is Visible" owner="SeleniumLibrary">
<arg>${locator}</arg>
<arg>10s</arg>
<doc>Waits until the element ``locator`` is visible.</doc>
<status status="PASS" start="2026-04-06T23:14:48.372610" elapsed="0.024184"/>
</kw>
<kw name="Clear Element Text" owner="SeleniumLibrary">
<arg>${locator}</arg>
<doc>Clears the value of the text-input-element identified by ``locator``.</doc>
<status status="PASS" start="2026-04-06T23:14:48.396794" elapsed="0.070431"/>
</kw>
<kw name="Input Text" owner="SeleniumLibrary">
<msg time="2026-04-06T23:14:48.467225" level="INFO">Typing text '12345' into text field 'id:postal-code'.</msg>
<arg>${locator}</arg>
<arg>${text}</arg>
<doc>Types the given ``text`` into the text field identified by ``locator``.</doc>
<status status="PASS" start="2026-04-06T23:14:48.467225" elapsed="0.112879"/>
</kw>
<arg>id:postal-code</arg>
<arg>${postalcode}</arg>
<status status="PASS" start="2026-04-06T23:14:48.371596" elapsed="0.208508"/>
</kw>
<kw name="Click Button Safely" owner="common">
<kw name="Wait Until Element Is Visible" owner="SeleniumLibrary">
<arg>${locator}</arg>
<arg>10s</arg>
<doc>Waits until the element ``locator`` is visible.</doc>
<status status="PASS" start="2026-04-06T23:14:48.580104" elapsed="0.020417"/>
</kw>
<kw name="Wait Until Element Is Enabled" owner="SeleniumLibrary">
<arg>${locator}</arg>
<arg>10s</arg>
<doc>Waits until the element ``locator`` is enabled.</doc>
<status status="PASS" start="2026-04-06T23:14:48.605868" elapsed="0.026203"/>
</kw>
<kw name="Scroll Element Into View" owner="SeleniumLibrary">
<arg>${locator}</arg>
<doc>Scrolls the element identified by ``locator`` into view.</doc>
<status status="PASS" start="2026-04-06T23:14:48.632071" elapsed="0.272553"/>
</kw>
<kw name="Click Button" owner="SeleniumLibrary">
<msg time="2026-04-06T23:14:48.906654" level="INFO">Clicking button 'id:continue'.</msg>
<arg>${locator}</arg>
<doc>Clicks the button identified by ``locator``.</doc>
<status status="PASS" start="2026-04-06T23:14:48.904624" elapsed="0.116452"/>
</kw>
<arg>id:continue</arg>
<status status="PASS" start="2026-04-06T23:14:48.580104" elapsed="0.440972"/>
</kw>
<arg>${EMPTY}</arg>
<arg>${LASTNAME}</arg>
<arg>${POSTALCODE}</arg>
<status status="PASS" start="2026-04-06T23:14:48.041118" elapsed="0.979958"/>
</kw>
<kw name="Verify Checkout Info Error" owner="checkout_page">
<kw name="Element Should Be Visible" owner="SeleniumLibrary">
<msg time="2026-04-06T23:14:49.048420" level="INFO">Element 'xpath://h3[@data-test='error']' is displayed.</msg>
<arg>xpath://h3[@data-test='error']</arg>
<doc>Verifies that the element identified by ``locator`` is visible.</doc>
<status status="PASS" start="2026-04-06T23:14:49.021076" elapsed="0.027344"/>
</kw>
<kw name="Element Should Contain" owner="SeleniumLibrary">
<msg time="2026-04-06T23:14:49.076625" level="INFO">Element 'xpath://h3[@data-test='error']' contains text 'First Name is required'.</msg>
<arg>xpath://h3[@data-test='error']</arg>
<arg>${expected_message}</arg>
<doc>Verifies that element ``locator`` contains text ``expected``.</doc>
<status status="PASS" start="2026-04-06T23:14:49.050521" elapsed="0.026104"/>
</kw>
<arg>First Name is required</arg>
<status status="PASS" start="2026-04-06T23:14:49.021076" elapsed="0.055549"/>
</kw>
<kw name="Close Browser Session" owner="common" type="TEARDOWN">
<kw name="Close Browser" owner="SeleniumLibrary">
<doc>Closes the current browser.</doc>
<status status="PASS" start="2026-04-06T23:14:49.079223" elapsed="2.197802"/>
</kw>
<status status="PASS" start="2026-04-06T23:14:49.079223" elapsed="2.198933"/>
</kw>
<tag>checkout</tag>
<tag>negative</tag>
<tag>regression</tag>
<status status="PASS" start="2026-04-06T23:14:42.812962" elapsed="8.465805"/>
</test>
<test id="s1-s2-t3" name="Checkout With Missing Last Name" line="35">
<kw name="Open Browser To Login Page" owner="common" type="SETUP">
<kw name="Evaluate" owner="BuiltIn">
<msg time="2026-04-06T23:14:51.278767" level="INFO">${chrome_options} = &lt;selenium.webdriver.chrome.options.Options object at 0x00000259BADA0A50&gt;</msg>
<var>${chrome_options}</var>
<arg>sys.modules['selenium.webdriver'].ChromeOptions()</arg>
<arg>sys, selenium.webdriver</arg>
<doc>Evaluates the given expression in Python and returns the result.</doc>
<status status="PASS" start="2026-04-06T23:14:51.278767" elapsed="0.000000"/>
</kw>
<if>
<branch type="IF" condition="${HEADLESS}">
<kw name="Call Method" owner="BuiltIn">
<arg>${chrome_options}</arg>
<arg>add_argument</arg>
<arg>--headless=new</arg>
<doc>Calls the named method of the given object with the provided arguments.</doc>
<status status="NOT RUN" start="2026-04-06T23:14:51.278767" elapsed="0.003340"/>
</kw>
<kw name="Call Method" owner="BuiltIn">
<arg>${chrome_options}</arg>
<arg>add_argument</arg>
<arg>--no-sandbox</arg>
<doc>Calls the named method of the given object with the provided arguments.</doc>
<status status="NOT RUN" start="2026-04-06T23:14:51.282107" elapsed="0.000000"/>
</kw>
<kw name="Call Method" owner="BuiltIn">
<arg>${chrome_options}</arg>
<arg>add_argument</arg>
<arg>--disable-dev-shm-usage</arg>
<doc>Calls the named method of the given object with the provided arguments.</doc>
<status status="NOT RUN" start="2026-04-06T23:14:51.282107" elapsed="0.000000"/>
</kw>
<kw name="Call Method" owner="BuiltIn">
<arg>${chrome_options}</arg>
<arg>add_argument</arg>
<arg>--window-size=1920,1080</arg>
<doc>Calls the named method of the given object with the provided arguments.</doc>
<status status="NOT RUN" start="2026-04-06T23:14:51.282107" elapsed="0.000000"/>
</kw>
<status status="NOT RUN" start="2026-04-06T23:14:51.278767" elapsed="0.003340"/>
</branch>
<status status="PASS" start="2026-04-06T23:14:51.278767" elapsed="0.003340"/>
</if>
<kw name="Call Method" owner="BuiltIn">
<arg>${chrome_options}</arg>
<arg>add_argument</arg>
<arg>--disable-notifications</arg>
<doc>Calls the named method of the given object with the provided arguments.</doc>
<status status="PASS" start="2026-04-06T23:14:51.282107" elapsed="0.000000"/>
</kw>
<kw name="Call Method" owner="BuiltIn">
<arg>${chrome_options}</arg>
<arg>add_argument</arg>
<arg>--incognito</arg>
<doc>Calls the named method of the given object with the provided arguments.</doc>
<status status="PASS" start="2026-04-06T23:14:51.282107" elapsed="0.000000"/>
</kw>
<kw name="Create Dictionary" owner="BuiltIn">
<msg time="2026-04-06T23:14:51.284116" level="INFO">${prefs} = {'credentials_enable_service': False, 'profile.password_manager_enabled': False}</msg>
<var>${prefs}</var>
<arg>credentials_enable_service=${False}</arg>
<arg>profile.password_manager_enabled=${False}</arg>
<doc>Creates and returns a dictionary based on the given ``items``.</doc>
<status status="PASS" start="2026-04-06T23:14:51.282107" elapsed="0.002009"/>
</kw>
<kw name="Call Method" owner="BuiltIn">
<arg>${chrome_options}</arg>
<arg>add_experimental_option</arg>
<arg>prefs</arg>
<arg>${prefs}</arg>
<doc>Calls the named method of the given object with the provided arguments.</doc>
<status status="PASS" start="2026-04-06T23:14:51.284116" elapsed="0.000000"/>
</kw>
<kw name="Open Browser" owner="SeleniumLibrary">
<msg time="2026-04-06T23:14:51.284116" level="INFO">Opening browser 'chrome' to base url 'https://www.saucedemo.com/'.</msg>
<arg>${URL}</arg>
<arg>chrome</arg>
<arg>options=${chrome_options}</arg>
<doc>Opens a new browser instance to the optional ``url``.</doc>
<status status="PASS" start="2026-04-06T23:14:51.284116" elapsed="3.295560"/>
</kw>
<kw name="Maximize Browser Window" owner="SeleniumLibrary">
<doc>Maximizes current browser window.</doc>
<status status="PASS" start="2026-04-06T23:14:54.579676" elapsed="0.028915"/>
</kw>
<kw name="Set Selenium Timeout" owner="SeleniumLibrary">
<arg>10s</arg>
<doc>Sets the timeout that is used by various keywords.</doc>
<status status="PASS" start="2026-04-06T23:14:54.608591" elapsed="0.003397"/>
</kw>
<kw name="Register Keyword To Run On Failure" owner="SeleniumLibrary">
<msg time="2026-04-06T23:14:54.611988" level="INFO">Capture Page Screenshot will be run on failure.</msg>
<arg>Capture Page Screenshot</arg>
<doc>Sets the keyword to execute, when a SeleniumLibrary keyword fails.</doc>
<status status="PASS" start="2026-04-06T23:14:54.611988" elapsed="0.000000"/>
</kw>
<status status="PASS" start="2026-04-06T23:14:51.278767" elapsed="3.334637"/>
</kw>
<kw name="Login With Credentials" owner="login_page">
<kw name="Enter Username" owner="login_page">
<kw name="Input Text Safely" owner="common">
<kw name="Wait Until Element Is Visible" owner="SeleniumLibrary">
<arg>${locator}</arg>
<arg>10s</arg>
<doc>Waits until the element ``locator`` is visible.</doc>
<status status="PASS" start="2026-04-06T23:14:54.614403" elapsed="0.038201"/>
</kw>
<kw name="Clear Element Text" owner="SeleniumLibrary">
<arg>${locator}</arg>
<doc>Clears the value of the text-input-element identified by ``locator``.</doc>
<status status="PASS" start="2026-04-06T23:14:54.652604" elapsed="0.055604"/>
</kw>
<kw name="Input Text" owner="SeleniumLibrary">
<msg time="2026-04-06T23:14:54.709654" level="INFO">Typing text 'standard_user' into text field 'id:user-name'.</msg>
<arg>${locator}</arg>
<arg>${text}</arg>
<doc>Types the given ``text`` into the text field identified by ``locator``.</doc>
<status status="PASS" start="2026-04-06T23:14:54.709069" elapsed="0.152041"/>
</kw>
<arg>id:user-name</arg>
<arg>${username}</arg>
<status status="PASS" start="2026-04-06T23:14:54.614403" elapsed="0.246707"/>
</kw>
<arg>${username}</arg>
<status status="PASS" start="2026-04-06T23:14:54.614403" elapsed="0.246707"/>
</kw>
<kw name="Enter Password" owner="login_page">
<kw name="Input Text Safely" owner="common">
<kw name="Wait Until Element Is Visible" owner="SeleniumLibrary">
<arg>${locator}</arg>
<arg>10s</arg>
<doc>Waits until the element ``locator`` is visible.</doc>
<status status="PASS" start="2026-04-06T23:14:54.861110" elapsed="0.027780"/>
</kw>
<kw name="Clear Element Text" owner="SeleniumLibrary">
<arg>${locator}</arg>
<doc>Clears the value of the text-input-element identified by ``locator``.</doc>
<status status="PASS" start="2026-04-06T23:14:54.889530" elapsed="0.037321"/>
</kw>
<kw name="Input Text" owner="SeleniumLibrary">
<msg time="2026-04-06T23:14:54.926851" level="INFO">Typing text 'secret_sauce' into text field 'id:password'.</msg>
<arg>${locator}</arg>
<arg>${text}</arg>
<doc>Types the given ``text`` into the text field identified by ``locator``.</doc>
<status status="PASS" start="2026-04-06T23:14:54.926851" elapsed="0.104615"/>
</kw>
<arg>id:password</arg>
<arg>${password}</arg>
<status status="PASS" start="2026-04-06T23:14:54.861110" elapsed="0.170356"/>
</kw>
<arg>${password}</arg>
<status status="PASS" start="2026-04-06T23:14:54.861110" elapsed="0.170356"/>
</kw>
<kw name="Click Login" owner="login_page">
<kw name="Click Button Safely" owner="common">
<kw name="Wait Until Element Is Visible" owner="SeleniumLibrary">
<arg>${locator}</arg>
<arg>10s</arg>
<doc>Waits until the element ``locator`` is visible.</doc>
<status status="PASS" start="2026-04-06T23:14:55.031466" elapsed="0.023168"/>
</kw>
<kw name="Wait Until Element Is Enabled" owner="SeleniumLibrary">
<arg>${locator}</arg>
<arg>10s</arg>
<doc>Waits until the element ``locator`` is enabled.</doc>
<status status="PASS" start="2026-04-06T23:14:55.054634" elapsed="0.024265"/>
</kw>
<kw name="Scroll Element Into View" owner="SeleniumLibrary">
<arg>${locator}</arg>
<doc>Scrolls the element identified by ``locator`` into view.</doc>
<status status="PASS" start="2026-04-06T23:14:55.080153" elapsed="0.282326"/>
</kw>
<kw name="Click Button" owner="SeleniumLibrary">
<msg time="2026-04-06T23:14:55.362479" level="INFO">Clicking button 'id:login-button'.</msg>
<arg>${locator}</arg>
<doc>Clicks the button identified by ``locator``.</doc>
<status status="PASS" start="2026-04-06T23:14:55.362479" elapsed="0.144431"/>
</kw>
<arg>id:login-button</arg>
<status status="PASS" start="2026-04-06T23:14:55.031466" elapsed="0.475444"/>
</kw>
<status status="PASS" start="2026-04-06T23:14:55.031466" elapsed="0.475444"/>
</kw>
<arg>${VALID_USERNAME}</arg>
<arg>${VALID_PASSWORD}</arg>
[...]
<kw name="Set Selenium Timeout" owner="SeleniumLibrary">
<arg>10s</arg>
<doc>Sets the timeout that is used by various keywords.</doc>
<status status="PASS" start="2026-04-06T23:15:36.890284" elapsed="0.003368"/>
</kw>
<kw name="Register Keyword To Run On Failure" owner="SeleniumLibrary">
<msg time="2026-04-06T23:15:36.894163" level="INFO">Capture Page Screenshot will be run on failure.</msg>
<arg>Capture Page Screenshot</arg>
<doc>Sets the keyword to execute, when a SeleniumLibrary keyword fails.</doc>
<status status="PASS" start="2026-04-06T23:15:36.894163" elapsed="0.000000"/>
</kw>
<status status="PASS" start="2026-04-06T23:15:33.396734" elapsed="3.497429"/>
</kw>
<kw name="Normalize Value" owner="helpers">
<msg time="2026-04-06T23:15:36.894163" level="INFO">${username} = </msg>
<var>${username}</var>
<arg>${row}[username]</arg>
<status status="PASS" start="2026-04-06T23:15:36.894163" elapsed="0.000000"/>
</kw>
<kw name="Normalize Value" owner="helpers">
<msg time="2026-04-06T23:15:36.895692" level="INFO">${password} = secret_sauce</msg>
<var>${password}</var>
<arg>${row}[password]</arg>
<status status="PASS" start="2026-04-06T23:15:36.895692" elapsed="0.000000"/>
</kw>
<kw name="Set Variable" owner="BuiltIn">
<msg time="2026-04-06T23:15:36.896807" level="INFO">${expected} = error</msg>
<var>${expected}</var>
<arg>${row}[expected]</arg>
<doc>Returns the given values which can then be assigned to a variables.</doc>
<status status="PASS" start="2026-04-06T23:15:36.895692" elapsed="0.001115"/>
</kw>
<kw name="Login With Credentials" owner="login_page">
<kw name="Enter Username" owner="login_page">
<kw name="Input Text Safely" owner="common">
<kw name="Wait Until Element Is Visible" owner="SeleniumLibrary">
<arg>${locator}</arg>
<arg>10s</arg>
<doc>Waits until the element ``locator`` is visible.</doc>
<status status="PASS" start="2026-04-06T23:15:36.898465" elapsed="0.029816"/>
</kw>
<kw name="Clear Element Text" owner="SeleniumLibrary">
<arg>${locator}</arg>
<doc>Clears the value of the text-input-element identified by ``locator``.</doc>
<status status="PASS" start="2026-04-06T23:15:36.928281" elapsed="0.060014"/>
</kw>
<kw name="Input Text" owner="SeleniumLibrary">
<msg time="2026-04-06T23:15:36.989318" level="INFO">Typing text '' into text field 'id:user-name'.</msg>
<arg>${locator}</arg>
<arg>${text}</arg>
<doc>Types the given ``text`` into the text field identified by ``locator``.</doc>
<status status="PASS" start="2026-04-06T23:15:36.988295" elapsed="0.109898"/>
</kw>
<arg>id:user-name</arg>
<arg>${username}</arg>
<status status="PASS" start="2026-04-06T23:15:36.898465" elapsed="0.199728"/>
</kw>
<arg>${username}</arg>
<status status="PASS" start="2026-04-06T23:15:36.898465" elapsed="0.199728"/>
</kw>
<kw name="Enter Password" owner="login_page">
<kw name="Input Text Safely" owner="common">
<kw name="Wait Until Element Is Visible" owner="SeleniumLibrary">
<arg>${locator}</arg>
<arg>10s</arg>
<doc>Waits until the element ``locator`` is visible.</doc>
<status status="PASS" start="2026-04-06T23:15:37.098193" elapsed="0.027493"/>
</kw>
<kw name="Clear Element Text" owner="SeleniumLibrary">
<arg>${locator}</arg>
<doc>Clears the value of the text-input-element identified by ``locator``.</doc>
<status status="PASS" start="2026-04-06T23:15:37.126983" elapsed="0.037973"/>
</kw>
<kw name="Input Text" owner="SeleniumLibrary">
<msg time="2026-04-06T23:15:37.167068" level="INFO">Typing text 'secret_sauce' into text field 'id:password'.</msg>
<arg>${locator}</arg>
<arg>${text}</arg>
<doc>Types the given ``text`` into the text field identified by ``locator``.</doc>
<status status="PASS" start="2026-04-06T23:15:37.166475" elapsed="0.111536"/>
</kw>
<arg>id:password</arg>
<arg>${password}</arg>
<status status="PASS" start="2026-04-06T23:15:37.098193" elapsed="0.179818"/>
</kw>
<arg>${password}</arg>
<status status="PASS" start="2026-04-06T23:15:37.098193" elapsed="0.179818"/>
</kw>
<kw name="Click Login" owner="login_page">
<kw name="Click Button Safely" owner="common">
<kw name="Wait Until Element Is Visible" owner="SeleniumLibrary">
<arg>${locator}</arg>
<arg>10s</arg>
<doc>Waits until the element ``locator`` is visible.</doc>
<status status="PASS" start="2026-04-06T23:15:37.279180" elapsed="0.020540"/>
</kw>
<kw name="Wait Until Element Is Enabled" owner="SeleniumLibrary">
<arg>${locator}</arg>
<arg>10s</arg>
<doc>Waits until the element ``locator`` is enabled.</doc>
<status status="PASS" start="2026-04-06T23:15:37.299720" elapsed="0.026099"/>
</kw>
<kw name="Scroll Element Into View" owner="SeleniumLibrary">
<arg>${locator}</arg>
<doc>Scrolls the element identified by ``locator`` into view.</doc>
<status status="PASS" start="2026-04-06T23:15:37.325819" elapsed="0.283894"/>
</kw>
<kw name="Click Button" owner="SeleniumLibrary">
<msg time="2026-04-06T23:15:37.609713" level="INFO">Clicking button 'id:login-button'.</msg>
<arg>${locator}</arg>
<doc>Clicks the button identified by ``locator``.</doc>
<status status="PASS" start="2026-04-06T23:15:37.609713" elapsed="0.104224"/>
</kw>
<arg>id:login-button</arg>
<status status="PASS" start="2026-04-06T23:15:37.278011" elapsed="0.435926"/>
</kw>
<status status="PASS" start="2026-04-06T23:15:37.278011" elapsed="0.435926"/>
</kw>
<arg>${username}</arg>
<arg>${password}</arg>
<status status="PASS" start="2026-04-06T23:15:36.896807" elapsed="0.817130"/>
</kw>
<if>
<branch type="IF" condition="'${expected}' == 'success'">
<kw name="Verify Successful Login" owner="login_page">
<status status="NOT RUN" start="2026-04-06T23:15:37.714461" elapsed="0.000561"/>
</kw>
<status status="NOT RUN" start="2026-04-06T23:15:37.714461" elapsed="0.000561"/>
</branch>
<branch type="ELSE IF" condition="'${expected}' == 'locked'">
<kw name="Verify Locked User Error" owner="login_page">
<status status="NOT RUN" start="2026-04-06T23:15:37.715022" elapsed="0.000000"/>
</kw>
<status status="NOT RUN" start="2026-04-06T23:15:37.715022" elapsed="0.000000"/>
</branch>
<branch type="ELSE IF" condition="'${expected}' == 'invalid'">
<kw name="Verify Invalid Login Error" owner="login_page">
<status status="NOT RUN" start="2026-04-06T23:15:37.715022" elapsed="0.001027"/>
</kw>
<status status="NOT RUN" start="2026-04-06T23:15:37.715022" elapsed="0.001027"/>
</branch>
<branch type="ELSE IF" condition="'${expected}' == 'username_required'">
<kw name="Verify Required Username Error" owner="login_page">
<status status="NOT RUN" start="2026-04-06T23:15:37.716049" elapsed="0.000000"/>
</kw>
<status status="NOT RUN" start="2026-04-06T23:15:37.716049" elapsed="0.000000"/>
</branch>
<branch type="ELSE IF" condition="'${expected}' == 'password_required'">
<kw name="Verify Required Password Error" owner="login_page">
<status status="NOT RUN" start="2026-04-06T23:15:37.716049" elapsed="0.000000"/>
</kw>
<status status="NOT RUN" start="2026-04-06T23:15:37.716049" elapsed="0.000000"/>
</branch>
<status status="PASS" start="2026-04-06T23:15:37.714461" elapsed="0.001588"/>
</if>
<kw name="Close Browser Session" owner="common">
<kw name="Close Browser" owner="SeleniumLibrary">
<doc>Closes the current browser.</doc>
<status status="PASS" start="2026-04-06T23:15:37.717530" elapsed="2.162186"/>
</kw>
<status status="PASS" start="2026-04-06T23:15:37.716049" elapsed="2.163667"/>
</kw>
<var name="${row}">{'username': '', 'password': 'secret_sauce', 'expected': 'error'}</var>
<status status="PASS" start="2026-04-06T23:15:33.396172" elapsed="6.483544"/>
</iter>
<iter>
<kw name="Open Browser To Login Page" owner="common">
<kw name="Evaluate" owner="BuiltIn">
<msg time="2026-04-06T23:15:39.881120" level="INFO">${chrome_options} = &lt;selenium.webdriver.chrome.options.Options object at 0x00000259BADE72D0&gt;</msg>
<var>${chrome_options}</var>
<arg>sys.modules['selenium.webdriver'].ChromeOptions()</arg>
<arg>sys, selenium.webdriver</arg>
<doc>Evaluates the given expression in Python and returns the result.</doc>
<status status="PASS" start="2026-04-06T23:15:39.881120" elapsed="0.000000"/>
</kw>
<if>
<branch type="IF" condition="${HEADLESS}">
<kw name="Call Method" owner="BuiltIn">
<arg>${chrome_options}</arg>
<arg>add_argument</arg>
<arg>--headless=new</arg>
<doc>Calls the named method of the given object with the provided arguments.</doc>
<status status="NOT RUN" start="2026-04-06T23:15:39.881120" elapsed="0.000000"/>
</kw>
<kw name="Call Method" owner="BuiltIn">
<arg>${chrome_options}</arg>
<arg>add_argument</arg>
<arg>--no-sandbox</arg>
<doc>Calls the named method of the given object with the provided arguments.</doc>
<status status="NOT RUN" start="2026-04-06T23:15:39.881120" elapsed="0.000000"/>
</kw>
<kw name="Call Method" owner="BuiltIn">
<arg>${chrome_options}</arg>
<arg>add_argument</arg>
<arg>--disable-dev-shm-usage</arg>
<doc>Calls the named method of the given object with the provided arguments.</doc>
<status status="NOT RUN" start="2026-04-06T23:15:39.881120" elapsed="0.000000"/>
</kw>
<kw name="Call Method" owner="BuiltIn">
<arg>${chrome_options}</arg>
<arg>add_argument</arg>
<arg>--window-size=1920,1080</arg>
<doc>Calls the named method of the given object with the provided arguments.</doc>
<status status="NOT RUN" start="2026-04-06T23:15:39.881120" elapsed="0.000000"/>
</kw>
<status status="NOT RUN" start="2026-04-06T23:15:39.881120" elapsed="0.000000"/>
</branch>
<status status="PASS" start="2026-04-06T23:15:39.881120" elapsed="0.000000"/>
</if>
<kw name="Call Method" owner="BuiltIn">
<arg>${chrome_options}</arg>
<arg>add_argument</arg>
<arg>--disable-notifications</arg>
<doc>Calls the named method of the given object with the provided arguments.</doc>
<status status="PASS" start="2026-04-06T23:15:39.881120" elapsed="0.000000"/>
</kw>
<kw name="Call Method" owner="BuiltIn">
<arg>${chrome_options}</arg>
<arg>add_argument</arg>
<arg>--incognito</arg>
<doc>Calls the named method of the given object with the provided arguments.</doc>
<status status="PASS" start="2026-04-06T23:15:39.881120" elapsed="0.000000"/>
</kw>
<kw name="Create Dictionary" owner="BuiltIn">
<msg time="2026-04-06T23:15:39.884640" level="INFO">${prefs} = {'credentials_enable_service': False, 'profile.password_manager_enabled': False}</msg>
<var>${prefs}</var>
<arg>credentials_enable_service=${False}</arg>
<arg>profile.password_manager_enabled=${False}</arg>
<doc>Creates and returns a dictionary based on the given ``items``.</doc>
<status status="PASS" start="2026-04-06T23:15:39.881120" elapsed="0.003520"/>
</kw>
<kw name="Call Method" owner="BuiltIn">
<arg>${chrome_options}</arg>
<arg>add_experimental_option</arg>
<arg>prefs</arg>
<arg>${prefs}</arg>
<doc>Calls the named method of the given object with the provided arguments.</doc>
<status status="PASS" start="2026-04-06T23:15:39.884640" elapsed="0.000522"/>
</kw>
<kw name="Open Browser" owner="SeleniumLibrary">
<msg time="2026-04-06T23:15:39.885162" level="INFO">Opening browser 'chrome' to base url 'https://www.saucedemo.com/'.</msg>
<arg>${URL}</arg>
<arg>chrome</arg>
<arg>options=${chrome_options}</arg>
<doc>Opens a new browser instance to the optional ``url``.</doc>
<status status="PASS" start="2026-04-06T23:15:39.885162" elapsed="2.883103"/>
</kw>
<kw name="Maximize Browser Window" owner="SeleniumLibrary">
<doc>Maximizes current browser window.</doc>
<status status="PASS" start="2026-04-06T23:15:42.768265" elapsed="0.042716"/>
</kw>
<kw name="Set Selenium Timeout" owner="SeleniumLibrary">
<arg>10s</arg>
<doc>Sets the timeout that is used by various keywords.</doc>
<status status="PASS" start="2026-04-06T23:15:42.810981" elapsed="0.001533"/>
</kw>
<kw name="Register Keyword To Run On Failure" owner="SeleniumLibrary">
<msg time="2026-04-06T23:15:42.814210" level="INFO">Capture Page Screenshot will be run on failure.</msg>
<arg>Capture Page Screenshot</arg>
<doc>Sets the keyword to execute, when a SeleniumLibrary keyword fails.</doc>
<status status="PASS" start="2026-04-06T23:15:42.814210" elapsed="0.000000"/>
</kw>
<status status="PASS" start="2026-04-06T23:15:39.881120" elapsed="2.933090"/>
</kw>
<kw name="Normalize Value" owner="helpers">
<msg time="2026-04-06T23:15:42.814210" level="INFO">${username} = standard_user</msg>
<var>${username}</var>
<arg>${row}[username]</arg>
<status status="PASS" start="2026-04-06T23:15:42.814210" elapsed="0.000000"/>
</kw>
<kw name="Normalize Value" owner="helpers">
<msg time="2026-04-06T23:15:42.814210" level="INFO">${password} = </msg>
<var>${password}</var>
<arg>${row}[password]</arg>
<status status="PASS" start="2026-04-06T23:15:42.814210" elapsed="0.001519"/>
</kw>
<kw name="Set Variable" owner="BuiltIn">
<msg time="2026-04-06T23:15:42.815729" level="INFO">${expected} = error</msg>
<var>${expected}</var>
<arg>${row}[expected]</arg>
<doc>Returns the given values which can then be assigned to a variables.</doc>
<status status="PASS" start="2026-04-06T23:15:42.815729" elapsed="0.000000"/>
</kw>
<kw name="Login With Credentials" owner="login_page">
<kw name="Enter Username" owner="login_page">
<kw name="Input Text Safely" owner="common">
<kw name="Wait Until Element Is Visible" owner="SeleniumLibrary">
<arg>${locator}</arg>
<arg>10s</arg>
<doc>Waits until the element ``locator`` is visible.</doc>
<status status="PASS" start="2026-04-06T23:15:42.817911" elapsed="0.032461"/>
</kw>
<kw name="Clear Element Text" owner="SeleniumLibrary">
<arg>${locator}</arg>
<doc>Clears the value of the text-input-element identified by ``locator``.</doc>
<status status="PASS" start="2026-04-06T23:15:42.850372" elapsed="0.052979"/>
</kw>
<kw name="Input Text" owner="SeleniumLibrary">
<msg time="2026-04-06T23:15:42.903985" level="INFO">Typing text 'standard_user' into text field 'id:user-name'.</msg>
<arg>${locator}</arg>
<arg>${text}</arg>
<doc>Types the given ``text`` into the text field identified by ``locator``.</doc>
<status status="PASS" start="2026-04-06T23:15:42.903985" elapsed="0.164351"/>
</kw>
<arg>id:user-name</arg>
<arg>${username}</arg>
<status status="PASS" start="2026-04-06T23:15:42.817240" elapsed="0.251096"/>
</kw>
<arg>${username}</arg>
<status status="PASS" start="2026-04-06T23:15:42.815729" elapsed="0.252607"/>
</kw>
<kw name="Enter Password" owner="login_page">
<kw name="Input Text Safely" owner="common">
<kw name="Wait Until Element Is Visible" owner="SeleniumLibrary">
<arg>${locator}</arg>
<arg>10s</arg>
<doc>Waits until the element ``locator`` is visible.</doc>
<status status="PASS" start="2026-04-06T23:15:43.069880" elapsed="0.034757"/>
</kw>
<kw name="Clear Element Text" owner="SeleniumLibrary">
<arg>${locator}</arg>
<doc>Clears the value of the text-input-element identified by ``locator``.</doc>
<status status="PASS" start="2026-04-06T23:15:43.104637" elapsed="0.038798"/>
</kw>
<kw name="Input Text" owner="SeleniumLibrary">
<msg time="2026-04-06T23:15:43.143965" level="INFO">Typing text '' into text field 'id:password'.</msg>
<arg>${locator}</arg>
<arg>${text}</arg>
<doc>Types the given ``text`` into the text field identified by ``locator``.</doc>
<status status="PASS" start="2026-04-06T23:15:43.143435" elapsed="0.121227"/>
</kw>
<arg>id:password</arg>
<arg>${password}</arg>
<status status="PASS" start="2026-04-06T23:15:43.068336" elapsed="0.196326"/>
</kw>
<arg>${password}</arg>
<status status="PASS" start="2026-04-06T23:15:43.068336" elapsed="0.196949"/>
</kw>
<kw name="Click Login" owner="login_page">
<kw name="Click Button Safely" owner="common">
<kw name="Wait Until Element Is Visible" owner="SeleniumLibrary">
<arg>${locator}</arg>
<arg>10s</arg>
<doc>Waits until the element ``locator`` is visible.</doc>
<status status="PASS" start="2026-04-06T23:15:43.266398" elapsed="0.027480"/>
</kw>
<kw name="Wait Until Element Is Enabled" owner="SeleniumLibrary">
<arg>${locator}</arg>
<arg>10s</arg>
<doc>Waits until the element ``locator`` is enabled.</doc>
<status status="PASS" start="2026-04-06T23:15:43.293878" elapsed="0.029382"/>
</kw>
<kw name="Scroll Element Into View" owner="SeleniumLibrary">
<arg>${locator}</arg>
<doc>Scrolls the element identified by ``locator`` into view.</doc>
<status status="PASS" start="2026-04-06T23:15:43.323813" elapsed="0.283470"/>
</kw>
<kw name="Click Button" owner="SeleniumLibrary">
<msg time="2026-04-06T23:15:43.608348" level="INFO">Clicking button 'id:login-button'.</msg>
<arg>${locator}</arg>
<doc>Clicks the button identified by ``locator``.</doc>
<status status="PASS" start="2026-04-06T23:15:43.608348" elapsed="0.091380"/>
</kw>
<arg>id:login-button</arg>
<status status="PASS" start="2026-04-06T23:15:43.265840" elapsed="0.433888"/>
</kw>
<status status="PASS" start="2026-04-06T23:15:43.265285" elapsed="0.434443"/>
</kw>
<arg>${username}</arg>
<arg>${password}</arg>
<status status="PASS" start="2026-04-06T23:15:42.815729" elapsed="0.883999"/>
</kw>
<if>
<branch type="IF" condition="'${expected}' == 'success'">
<kw name="Verify Successful Login" owner="login_page">
<status status="NOT RUN" start="2026-04-06T23:15:43.699728" elapsed="0.000000"/>
</kw>
<status status="NOT RUN" start="2026-04-06T23:15:43.699728" elapsed="0.000000"/>
</branch>
<branch type="ELSE IF" condition="'${expected}' == 'locked'">
<kw name="Verify Locked User Error" owner="login_page">
<status status="NOT RUN" start="2026-04-06T23:15:43.701877" elapsed="0.000000"/>
</kw>
<status status="NOT RUN" start="2026-04-06T23:15:43.699728" elapsed="0.002149"/>
</branch>
<branch type="ELSE IF" condition="'${expected}' == 'invalid'">
<kw name="Verify Invalid Login Error" owner="login_page">
<status status="NOT RUN" start="2026-04-06T23:15:43.701877" elapsed="0.000000"/>
</kw>
<status status="NOT RUN" start="2026-04-06T23:15:43.701877" elapsed="0.000000"/>
</branch>
<branch type="ELSE IF" condition="'${expected}' == 'username_required'">
<kw name="Verify Required Username Error" owner="login_page">
<status status="NOT RUN" start="2026-04-06T23:15:43.702908" elapsed="0.000000"/>
</kw>
<status status="NOT RUN" start="2026-04-06T23:15:43.701877" elapsed="0.001031"/>
</branch>
<branch type="ELSE IF" condition="'${expected}' == 'password_required'">
<kw name="Verify Required Password Error" owner="login_page">
<status status="NOT RUN" start="2026-04-06T23:15:43.702908" elapsed="0.000000"/>
</kw>
<status status="NOT RUN" start="2026-04-06T23:15:43.702908" elapsed="0.000509"/>
</branch>
<status status="PASS" start="2026-04-06T23:15:43.699728" elapsed="0.003689"/>
</if>
<kw name="Close Browser Session" owner="common">
<kw name="Close Browser" owner="SeleniumLibrary">
<doc>Closes the current browser.</doc>
<status status="PASS" start="2026-04-06T23:15:43.703417" elapsed="2.172312"/>
</kw>
<status status="PASS" start="2026-04-06T23:15:43.703417" elapsed="2.172312"/>
</kw>
<var name="${row}">{'username': 'standard_user', 'password': '', 'expected': 'error'}</var>
<status status="PASS" start="2026-04-06T23:15:39.879716" elapsed="5.996013"/>
</iter>
<var>${row}</var>
<value>@{rows}</value>
<status status="PASS" start="2026-04-06T23:15:14.761267" elapsed="31.114462"/>
</for>
<tag>login</tag>
<tag>regression</tag>
<status status="PASS" start="2026-04-06T23:15:14.761267" elapsed="31.114462"/>
</test>
<status status="PASS" start="2026-04-06T23:15:08.705144" elapsed="37.170585"/>
</suite>
<status status="PASS" start="2026-04-06T23:14:16.110716" elapsed="89.767698"/>
</suite>
<statistics>
<total>
<stat pass="8" fail="0" skip="0">All Tests</stat>
</total>
<tag>
<stat pass="2" fail="0" skip="0">cart</stat>
<stat pass="4" fail="0" skip="0">checkout</stat>
<stat pass="2" fail="0" skip="0">login</stat>
<stat pass="3" fail="0" skip="0">negative</stat>
<stat pass="8" fail="0" skip="0">regression</stat>
<stat pass="3" fail="0" skip="0">smoke</stat>
</tag>
<suite>
<stat name="Tests" id="s1" pass="8" fail="0" skip="0">Tests</stat>
<stat name="Cart" id="s1-s1" pass="2" fail="0" skip="0">Tests.Cart</stat>
<stat name="Checkout" id="s1-s2" pass="4" fail="0" skip="0">Tests.Checkout</stat>
<stat name="Login" id="s1-s3" pass="2" fail="0" skip="0">Tests.Login</stat>
</suite>
</statistics>
<errors>
</errors>
</robot>
