<?xml version="1.0" encoding="UTF-8"?>
<robot generator="Robot 7.4.2 (Python 3.11.9 on win32)" generated="2026-04-06T23:34:09.462274" rpa="false" schemaversion="5">
<suite id="s1" name="Tests" source="C:\Users\LOQ\Documents\GitHub\End-to-end-web-test-automation-framework-for-an-e-commerce-demo-site\tests">
<suite id="s1-s1" name="Cart" source="C:\Users\LOQ\Documents\GitHub\End-to-end-web-test-automation-framework-for-an-e-commerce-demo-site\tests\cart.robot">
<test id="s1-s1-t1" name="Add Item To Cart" line="11">
<kw name="Open Browser To Login Page" owner="common" type="SETUP">
<kw name="Evaluate" owner="BuiltIn">
<msg time="2026-04-06T23:34:09.843767" level="INFO">${chrome_options} = &lt;selenium.webdriver.chrome.options.Options object at 0x000002A8ABF55410&gt;</msg>
<var>${chrome_options}</var>
<arg>sys.modules['selenium.webdriver'].ChromeOptions()</arg>
<arg>sys, selenium.webdriver</arg>
<doc>Evaluates the given expression in Python and returns the result.</doc>
<status status="PASS" start="2026-04-06T23:34:09.840532" elapsed="0.003235"/>
</kw>
<if>
<branch type="IF" condition="${HEADLESS}">
<kw name="Set Variable" owner="BuiltIn">
<var>${headless_arg}</var>
<arg>--headless=new</arg>
<doc>Returns the given values which can then be assigned to a variables.</doc>
<status status="NOT RUN" start="2026-04-06T23:34:09.843767" elapsed="0.000000"/>
</kw>
<kw name="Set Variable" owner="BuiltIn">
<var>${no_sandbox_arg}</var>
<arg>--no-sandbox</arg>
<doc>Returns the given values which can then be assigned to a variables.</doc>
<status status="NOT RUN" start="2026-04-06T23:34:09.843767" elapsed="0.000000"/>
</kw>
<kw name="Set Variable" owner="BuiltIn">
<var>${dev_shm_arg}</var>
<arg>--disable-dev-shm-usage</arg>
<doc>Returns the given values which can then be assigned to a variables.</doc>
<status status="NOT RUN" start="2026-04-06T23:34:09.843767" elapsed="0.000000"/>
</kw>
<kw name="Set Variable" owner="BuiltIn">
<var>${window_size_arg}</var>
<arg>--window-size=1920,1080</arg>
<doc>Returns the given values which can then be assigned to a variables.</doc>
<status status="NOT RUN" start="2026-04-06T23:34:09.843767" elapsed="0.000000"/>
</kw>
<kw name="Call Method" owner="BuiltIn">
<arg>${chrome_options}</arg>
<arg>add_argument</arg>
<arg>${headless_arg}</arg>
<doc>Calls the named method of the given object with the provided arguments.</doc>
<status status="NOT RUN" start="2026-04-06T23:34:09.843767" elapsed="0.000000"/>
</kw>
<kw name="Call Method" owner="BuiltIn">
<arg>${chrome_options}</arg>
<arg>add_argument</arg>
<arg>${no_sandbox_arg}</arg>
<doc>Calls the named method of the given object with the provided arguments.</doc>
<status status="NOT RUN" start="2026-04-06T23:34:09.843767" elapsed="0.000000"/>
</kw>
<kw name="Call Method" owner="BuiltIn">
<arg>${chrome_options}</arg>
<arg>add_argument</arg>
<arg>${dev_shm_arg}</arg>
<doc>Calls the named method of the given object with the provided arguments.</doc>
<status status="NOT RUN" start="2026-04-06T23:34:09.843767" elapsed="0.000000"/>
</kw>
<kw name="Call Method" owner="BuiltIn">
<arg>${chrome_options}</arg>
<arg>add_argument</arg>
<arg>${window_size_arg}</arg>
<doc>Calls the named method of the given object with the provided arguments.</doc>
<status status="NOT RUN" start="2026-04-06T23:34:09.843767" elapsed="0.000000"/>
</kw>
<status status="NOT RUN" start="2026-04-06T23:34:09.843767" elapsed="0.000000"/>
</branch>
<status status="PASS" start="2026-04-06T23:34:09.843767" elapsed="0.000000"/>
</if>
<kw name="Set Variable" owner="BuiltIn">
<msg time="2026-04-06T23:34:09.846398" level="INFO">${disable_notifications_arg} = --disable-notifications</msg>
<var>${disable_notifications_arg}</var>
<arg>--disable-notifications</arg>
<doc>Returns the given values which can then be assigned to a variables.</doc>
<status status="PASS" start="2026-04-06T23:34:09.846398" elapsed="0.000000"/>
</kw>
<kw name="Set Variable" owner="BuiltIn">
<msg time="2026-04-06T23:34:09.847428" level="INFO">${incognito_arg} = --incognito</msg>
<var>${incognito_arg}</var>
<arg>--incognito</arg>
<doc>Returns the given values which can then be assigned to a variables.</doc>
<status status="PASS" start="2026-04-06T23:34:09.846398" elapsed="0.001030"/>
</kw>
<kw name="Call Method" owner="BuiltIn">
<arg>${chrome_options}</arg>
<arg>add_argument</arg>
<arg>${disable_notifications_arg}</arg>
<doc>Calls the named method of the given object with the provided arguments.</doc>
<status status="PASS" start="2026-04-06T23:34:09.847428" elapsed="0.000000"/>
</kw>
<kw name="Call Method" owner="BuiltIn">
<arg>${chrome_options}</arg>
<arg>add_argument</arg>
<arg>${incognito_arg}</arg>
<doc>Calls the named method of the given object with the provided arguments.</doc>
<status status="PASS" start="2026-04-06T23:34:09.847428" elapsed="0.000000"/>
</kw>
<kw name="Create Dictionary" owner="BuiltIn">
<msg time="2026-04-06T23:34:09.847428" level="INFO">${prefs} = {'credentials_enable_service': False, 'profile.password_manager_enabled': False}</msg>
<var>${prefs}</var>
<arg>credentials_enable_service=${False}</arg>
<arg>profile.password_manager_enabled=${False}</arg>
<doc>Creates and returns a dictionary based on the given ``items``.</doc>
<status status="PASS" start="2026-04-06T23:34:09.847428" elapsed="0.000000"/>
</kw>
<kw name="Call Method" owner="BuiltIn">
<arg>${chrome_options}</arg>
<arg>add_experimental_option</arg>
<arg>prefs</arg>
<arg>${prefs}</arg>
<doc>Calls the named method of the given object with the provided arguments.</doc>
<status status="PASS" start="2026-04-06T23:34:09.849752" elapsed="0.000000"/>
</kw>
<kw name="Open Browser" owner="SeleniumLibrary">
<msg time="2026-04-06T23:34:09.850769" level="INFO">Opening browser 'chrome' to base url 'https://www.saucedemo.com/'.</msg>
<arg>${URL}</arg>
<arg>chrome</arg>
<arg>options=${chrome_options}</arg>
<doc>Opens a new browser instance to the optional ``url``.</doc>
<status status="PASS" start="2026-04-06T23:34:09.849752" elapsed="2.078241"/>
</kw>
<kw name="Set Window Size" owner="SeleniumLibrary">
<arg>1920</arg>
<arg>1080</arg>
<doc>Sets current windows size to given ``width`` and ``height``.</doc>
<status status="PASS" start="2026-04-06T23:34:11.927993" elapsed="1.021416"/>
</kw>
<kw name="Set Selenium Timeout" owner="SeleniumLibrary">
<arg>10s</arg>
<doc>Sets the timeout that is used by various keywords.</doc>
<status status="PASS" start="2026-04-06T23:34:12.950427" elapsed="0.002513"/>
</kw>
<kw name="Register Keyword To Run On Failure" owner="SeleniumLibrary">
<msg time="2026-04-06T23:34:12.953939" level="INFO">Capture Page Screenshot will be run on failure.</msg>
<arg>Capture Page Screenshot</arg>
<doc>Sets the keyword to execute, when a SeleniumLibrary keyword fails.</doc>
<status status="PASS" start="2026-04-06T23:34:12.953939" elapsed="0.000000"/>
</kw>
<status status="PASS" start="2026-04-06T23:34:09.837190" elapsed="3.116749"/>
</kw>
<kw name="Login With Credentials" owner="login_page">
<kw name="Enter Username" owner="login_page">
<kw name="Input Text Safely" owner="common">
<kw name="Wait Until Element Is Visible" owner="SeleniumLibrary">
<arg>${locator}</arg>
<arg>10s</arg>
<doc>Waits until the element ``locator`` is visible.</doc>
<status status="PASS" start="2026-04-06T23:34:12.956382" elapsed="0.032253"/>
</kw>
<kw name="Clear Element Text" owner="SeleniumLibrary">
<arg>${locator}</arg>
<doc>Clears the value of the text-input-element identified by ``locator``.</doc>
<status status="PASS" start="2026-04-06T23:34:12.989658" elapsed="0.063947"/>
</kw>
<kw name="Input Text" owner="SeleniumLibrary">
<msg time="2026-04-06T23:34:13.054116" level="INFO">Typing text 'standard_user' into text field 'id:user-name'.</msg>
<arg>${locator}</arg>
<arg>${text}</arg>
<doc>Types the given ``text`` into the text field identified by ``locator``.</doc>
<status status="PASS" start="2026-04-06T23:34:13.054116" elapsed="0.190958"/>
</kw>
<arg>id:user-name</arg>
<arg>${username}</arg>
<status status="PASS" start="2026-04-06T23:34:12.956382" elapsed="0.288692"/>
</kw>
<arg>${username}</arg>
<status status="PASS" start="2026-04-06T23:34:12.956382" elapsed="0.288692"/>
</kw>
<kw name="Enter Password" owner="login_page">
<kw name="Input Text Safely" owner="common">
<kw name="Wait Until Element Is Visible" owner="SeleniumLibrary">
<arg>${locator}</arg>
<arg>10s</arg>
<doc>Waits until the element ``locator`` is visible.</doc>
<status status="PASS" start="2026-04-06T23:34:13.246608" elapsed="0.028722"/>
</kw>
<kw name="Clear Element Text" owner="SeleniumLibrary">
<arg>${locator}</arg>
<doc>Clears the value of the text-input-element identified by ``locator``.</doc>
<status status="PASS" start="2026-04-06T23:34:13.276112" elapsed="0.041085"/>
</kw>
<kw name="Input Text" owner="SeleniumLibrary">
<msg time="2026-04-06T23:34:13.317197" level="INFO">Typing text 'secret_sauce' into text field 'id:password'.</msg>
<arg>${locator}</arg>
<arg>${text}</arg>
<doc>Types the given ``text`` into the text field identified by ``locator``.</doc>
<status status="PASS" start="2026-04-06T23:34:13.317197" elapsed="0.126634"/>
</kw>
<arg>id:password</arg>
<arg>${password}</arg>
<status status="PASS" start="2026-04-06T23:34:13.246608" elapsed="0.197223"/>
</kw>
<arg>${password}</arg>
<status status="PASS" start="2026-04-06T23:34:13.246608" elapsed="0.197223"/>
</kw>
<kw name="Click Login" owner="login_page">
<kw name="Click Button Safely" owner="common">
<kw name="Wait Until Element Is Visible" owner="SeleniumLibrary">
<arg>${locator}</arg>
<arg>10s</arg>
<doc>Waits until the element ``locator`` is visible.</doc>
<status status="PASS" start="2026-04-06T23:34:13.447045" elapsed="0.023929"/>
</kw>
<kw name="Wait Until Element Is Enabled" owner="SeleniumLibrary">
<arg>${locator}</arg>
<arg>10s</arg>
<doc>Waits until the element ``locator`` is enabled.</doc>
<status status="PASS" start="2026-04-06T23:34:13.471981" elapsed="0.024979"/>
</kw>
<kw name="Scroll Element Into View" owner="SeleniumLibrary">
<arg>${locator}</arg>
<doc>Scrolls the element identified by ``locator`` into view.</doc>
<status status="PASS" start="2026-04-06T23:34:13.499254" elapsed="0.276261"/>
</kw>
<kw name="Click Button" owner="SeleniumLibrary">
<msg time="2026-04-06T23:34:13.775515" level="INFO">Clicking button 'id:login-button'.</msg>
<arg>${locator}</arg>
<doc>Clicks the button identified by ``locator``.</doc>
<status status="PASS" start="2026-04-06T23:34:13.775515" elapsed="0.178283"/>
</kw>
<arg>id:login-button</arg>
<status status="PASS" start="2026-04-06T23:34:13.447045" elapsed="0.506753"/>
</kw>
<status status="PASS" start="2026-04-06T23:34:13.446395" elapsed="0.507864"/>
</kw>
<arg>${VALID_USERNAME}</arg>
<arg>${VALID_PASSWORD}</arg>
<status status="PASS" start="2026-04-06T23:34:12.954941" elapsed="0.999318"/>
</kw>
<kw name="Verify Successful Login" owner="login_page">
<kw name="Wait Until Location Contains" owner="SeleniumLibrary">
<arg>inventory.html</arg>
<arg>10s</arg>
<doc>Waits until the current URL contains ``expected``.</doc>
<status status="PASS" start="2026-04-06T23:34:13.956915" elapsed="0.009924"/>
</kw>
<kw name="Wait Until Element Is Visible" owner="SeleniumLibrary">
<arg>xpath://span[text()='Products']</arg>
<arg>10s</arg>
<doc>Waits until the element ``locator`` is visible.</doc>
<status status="PASS" start="2026-04-06T23:34:13.967400" elapsed="0.038885"/>
</kw>
<status status="PASS" start="2026-04-06T23:34:13.956309" elapsed="0.049976"/>
</kw>
<kw name="Add Backpack To Cart" owner="products_page">
<kw name="Click Button Safely" owner="common">
<kw name="Wait Until Element Is Visible" owner="SeleniumLibrary">
<arg>${locator}</arg>
<arg>10s</arg>
<doc>Waits until the element ``locator`` is visible.</doc>
<status status="PASS" start="2026-04-06T23:34:14.010587" elapsed="0.040652"/>
</kw>
<kw name="Wait Until Element Is Enabled" owner="SeleniumLibrary">
<arg>${locator}</arg>
<arg>10s</arg>
<doc>Waits until the element ``locator`` is enabled.</doc>
<status status="PASS" start="2026-04-06T23:34:14.051239" elapsed="0.034079"/>
</kw>
<kw name="Scroll Element Into View" owner="SeleniumLibrary">
<arg>${locator}</arg>
<doc>Scrolls the element identified by ``locator`` into view.</doc>
<status status="PASS" start="2026-04-06T23:34:14.085318" elapsed="0.287111"/>
</kw>
<kw name="Click Button" owner="SeleniumLibrary">
<msg time="2026-04-06T23:34:14.374616" level="INFO">Clicking button 'id:add-to-cart-sauce-labs-backpack'.</msg>
<arg>${locator}</arg>
<doc>Clicks the button identified by ``locator``.</doc>
<status status="PASS" start="2026-04-06T23:34:14.374616" elapsed="0.122803"/>
</kw>
<arg>id:add-to-cart-sauce-labs-backpack</arg>
<status status="PASS" start="2026-04-06T23:34:14.008325" elapsed="0.490208"/>
</kw>
<status status="PASS" start="2026-04-06T23:34:14.006285" elapsed="0.492248"/>
</kw>
<kw name="Open Cart" owner="products_page">
<kw name="Click Element Safely" owner="common">
<kw name="Wait Until Element Is Visible" owner="SeleniumLibrary">
<arg>${locator}</arg>
<arg>10s</arg>
<doc>Waits until the element ``locator`` is visible.</doc>
<status status="PASS" start="2026-04-06T23:34:14.500114" elapsed="0.026502"/>
</kw>
<kw name="Wait Until Element Is Enabled" owner="SeleniumLibrary">
<arg>${locator}</arg>
<arg>10s</arg>
<doc>Waits until the element ``locator`` is enabled.</doc>
<status status="PASS" start="2026-04-06T23:34:14.528156" elapsed="0.026851"/>
</kw>
<kw name="Scroll Element Into View" owner="SeleniumLibrary">
<arg>${locator}</arg>
<doc>Scrolls the element identified by ``locator`` into view.</doc>
<status status="PASS" start="2026-04-06T23:34:14.555007" elapsed="0.276425"/>
</kw>
<kw name="Click Element" owner="SeleniumLibrary">
<msg time="2026-04-06T23:34:14.832572" level="INFO">Clicking element 'class:shopping_cart_link'.</msg>
<arg>${locator}</arg>
<doc>Click the element identified by ``locator``.</doc>
<status status="PASS" start="2026-04-06T23:34:14.832572" elapsed="0.117419"/>
</kw>
<arg>class:shopping_cart_link</arg>
<status status="PASS" start="2026-04-06T23:34:14.498533" elapsed="0.452970"/>
</kw>
<kw name="Wait Until Location Contains" owner="SeleniumLibrary">
<arg>cart.html</arg>
<arg>10s</arg>
<doc>Waits until the current URL contains ``expected``.</doc>
<status status="PASS" start="2026-04-06T23:34:14.951503" elapsed="0.007415"/>
</kw>
<kw name="Wait Until Element Is Visible" owner="SeleniumLibrary">
<arg>id:checkout</arg>
<arg>10s</arg>
<doc>Waits until the element ``locator`` is visible.</doc>
<status status="PASS" start="2026-04-06T23:34:14.958918" elapsed="0.028664"/>
</kw>
<status status="PASS" start="2026-04-06T23:34:14.498533" elapsed="0.489049"/>
</kw>
<kw name="Verify Cart Has Backpack" owner="products_page">
<kw name="Wait Until Element Is Visible" owner="SeleniumLibrary">
<arg>xpath://div[text()='Sauce Labs Backpack']</arg>
<arg>10s</arg>
<doc>Waits until the element ``locator`` is visible.</doc>
<status status="PASS" start="2026-04-06T23:34:14.988671" elapsed="0.024647"/>
</kw>
<status status="PASS" start="2026-04-06T23:34:14.988671" elapsed="0.025677"/>
</kw>
<kw name="Close Browser Session" owner="common" type="TEARDOWN">
<kw name="Close Browser" owner="SeleniumLibrary">
<doc>Closes the current browser.</doc>
<status status="PASS" start="2026-04-06T23:34:15.014348" elapsed="2.178388"/>
</kw>
<status status="PASS" start="2026-04-06T23:34:15.014348" elapsed="2.179032"/>
</kw>
<tag>cart</tag>
<tag>regression</tag>
<tag>smoke</tag>
<status status="PASS" start="2026-04-06T23:34:09.836208" elapsed="7.357172"/>
</test>
<status status="PASS" start="2026-04-06T23:34:09.521719" elapsed="7.673870"/>
</suite>
<suite id="s1-s2" name="Checkout" source="C:\Users\LOQ\Documents\GitHub\End-to-end-web-test-automation-framework-for-an-e-commerce-demo-site\tests\checkout.robot">
<test id="s1-s2-t1" name="Complete Checkout" line="12">
<kw name="Open Browser To Login Page" owner="common" type="SETUP">
<kw name="Evaluate" owner="BuiltIn">
<msg time="2026-04-06T23:34:17.229798" level="INFO">${chrome_options} = &lt;selenium.webdriver.chrome.options.Options object at 0x000002A8ACDFD5D0&gt;</msg>
<var>${chrome_options}</var>
<arg>sys.modules['selenium.webdriver'].ChromeOptions()</arg>
<arg>sys, selenium.webdriver</arg>
<doc>Evaluates the given expression in Python and returns the result.</doc>
<status status="PASS" start="2026-04-06T23:34:17.229798" elapsed="0.000000"/>
</kw>
<if>
<branch type="IF" condition="${HEADLESS}">
<kw name="Set Variable" owner="BuiltIn">
<var>${headless_arg}</var>
<arg>--headless=new</arg>
<doc>Returns the given values which can then be assigned to a variables.</doc>
<status status="NOT RUN" start="2026-04-06T23:34:17.229798" elapsed="0.000000"/>
</kw>
<kw name="Set Variable" owner="BuiltIn">
<var>${no_sandbox_arg}</var>
<arg>--no-sandbox</arg>
<doc>Returns the given values which can then be assigned to a variables.</doc>
<status status="NOT RUN" start="2026-04-06T23:34:17.229798" elapsed="0.000000"/>
</kw>
<kw name="Set Variable" owner="BuiltIn">
<var>${dev_shm_arg}</var>
<arg>--disable-dev-shm-usage</arg>
<doc>Returns the given values which can then be assigned to a variables.</doc>
<status status="NOT RUN" start="2026-04-06T23:34:17.229798" elapsed="0.000000"/>
</kw>
<kw name="Set Variable" owner="BuiltIn">
<var>${window_size_arg}</var>
<arg>--window-size=1920,1080</arg>
<doc>Returns the given values which can then be assigned to a variables.</doc>
<status status="NOT RUN" start="2026-04-06T23:34:17.229798" elapsed="0.000000"/>
</kw>
<kw name="Call Method" owner="BuiltIn">
<arg>${chrome_options}</arg>
<arg>add_argument</arg>
<arg>${headless_arg}</arg>
<doc>Calls the named method of the given object with the provided arguments.</doc>
<status status="NOT RUN" start="2026-04-06T23:34:17.229798" elapsed="0.000000"/>
</kw>
<kw name="Call Method" owner="BuiltIn">
<arg>${chrome_options}</arg>
<arg>add_argument</arg>
<arg>${no_sandbox_arg}</arg>
<doc>Calls the named method of the given object with the provided arguments.</doc>
<status status="NOT RUN" start="2026-04-06T23:34:17.229798" elapsed="0.000000"/>
</kw>
<kw name="Call Method" owner="BuiltIn">
<arg>${chrome_options}</arg>
<arg>add_argument</arg>
<arg>${dev_shm_arg}</arg>
<doc>Calls the named method of the given object with the provided arguments.</doc>
<status status="NOT RUN" start="2026-04-06T23:34:17.229798" elapsed="0.000000"/>
</kw>
<kw name="Call Method" owner="BuiltIn">
<arg>${chrome_options}</arg>
<arg>add_argument</arg>
<arg>${window_size_arg}</arg>
<doc>Calls the named method of the given object with the provided arguments.</doc>
<status status="NOT RUN" start="2026-04-06T23:34:17.232364" elapsed="0.000000"/>
</kw>
<status status="NOT RUN" start="2026-04-06T23:34:17.229798" elapsed="0.002566"/>
</branch>
<status status="PASS" start="2026-04-06T23:34:17.229798" elapsed="0.002566"/>
</if>
<kw name="Set Variable" owner="BuiltIn">
<msg time="2026-04-06T23:34:17.232364" level="INFO">${disable_notifications_arg} = --disable-notifications</msg>
<var>${disable_notifications_arg}</var>
<arg>--disable-notifications</arg>
<doc>Returns the given values which can then be assigned to a variables.</doc>
<status status="PASS" start="2026-04-06T23:34:17.232364" elapsed="0.000000"/>
</kw>
<kw name="Set Variable" owner="BuiltIn">
<msg time="2026-04-06T23:34:17.232364" level="INFO">${incognito_arg} = --incognito</msg>
<var>${incognito_arg}</var>
<arg>--incognito</arg>
<doc>Returns the given values which can then be assigned to a variables.</doc>
<status status="PASS" start="2026-04-06T23:34:17.232364" elapsed="0.000000"/>
</kw>
<kw name="Call Method" owner="BuiltIn">
<arg>${chrome_options}</arg>
<arg>add_argument</arg>
<arg>${disable_notifications_arg}</arg>
<doc>Calls the named method of the given object with the provided arguments.</doc>
<status status="PASS" start="2026-04-06T23:34:17.232364" elapsed="0.000000"/>
</kw>
<kw name="Call Method" owner="BuiltIn">
<arg>${chrome_options}</arg>
<arg>add_argument</arg>
<arg>${incognito_arg}</arg>
<doc>Calls the named method of the given object with the provided arguments.</doc>
<status status="PASS" start="2026-04-06T23:34:17.232364" elapsed="0.000000"/>
</kw>
<kw name="Create Dictionary" owner="BuiltIn">
<msg time="2026-04-06T23:34:17.232364" level="INFO">${prefs} = {'credentials_enable_service': False, 'profile.password_manager_enabled': False}</msg>
<var>${prefs}</var>
<arg>credentials_enable_service=${False}</arg>
<arg>profile.password_manager_enabled=${False}</arg>
<doc>Creates and returns a dictionary based on the given ``items``.</doc>
<status status="PASS" start="2026-04-06T23:34:17.232364" elapsed="0.000000"/>
</kw>
<kw name="Call Method" owner="BuiltIn">
<arg>${chrome_options}</arg>
<arg>add_experimental_option</arg>
<arg>prefs</arg>
<arg>${prefs}</arg>
<doc>Calls the named method of the given object with the provided arguments.</doc>
<status status="PASS" start="2026-04-06T23:34:17.232364" elapsed="0.000000"/>
</kw>
<kw name="Open Browser" owner="SeleniumLibrary">
<msg time="2026-04-06T23:34:17.232364" level="INFO">Opening browser 'chrome' to base url 'https://www.saucedemo.com/'.</msg>
<msg time="2026-04-06T23:34:18.351757" level="INFO">Cannot capture screenshot because no browser is open.</msg>
<msg time="2026-04-06T23:34:18.351757" level="FAIL">WebDriverException: Message: Service C:\Users\LOQ\.cache\selenium\chromedriver\win64\146.0.7680.165\chromedriver.exe unexpectedly exited. Status code was: 3221225786
</msg>
<arg>${URL}</arg>
<arg>chrome</arg>
<arg>options=${chrome_options}</arg>
<doc>Opens a new browser instance to the optional ``url``.</doc>
<status status="FAIL" start="2026-04-06T23:34:17.232364" elapsed="1.121424">WebDriverException: Message: Service C:\Users\LOQ\.cache\selenium\chromedriver\win64\146.0.7680.165\chromedriver.exe unexpectedly exited. Status code was: 3221225786
</status>
</kw>
<kw name="Set Window Size" owner="SeleniumLibrary">
<arg>1920</arg>
<arg>1080</arg>
<doc>Sets current windows size to given ``width`` and ``height``.</doc>
<status status="NOT RUN" start="2026-04-06T23:34:18.353788" elapsed="0.000000"/>
</kw>
<kw name="Set Selenium Timeout" owner="SeleniumLibrary">
<arg>10s</arg>
<doc>Sets the timeout that is used by various keywords.</doc>
<status status="NOT RUN" start="2026-04-06T23:34:18.353788" elapsed="0.000000"/>
</kw>
<kw name="Register Keyword To Run On Failure" owner="SeleniumLibrary">
<arg>Capture Page Screenshot</arg>
<doc>Sets the keyword to execute, when a SeleniumLibrary keyword fails.</doc>
<status status="NOT RUN" start="2026-04-06T23:34:18.353788" elapsed="0.002570"/>
</kw>
<status status="FAIL" start="2026-04-06T23:34:17.226639" elapsed="1.129719">WebDriverException: Message: Service C:\Users\LOQ\.cache\selenium\chromedriver\win64\146.0.7680.165\chromedriver.exe unexpectedly exited. Status code was: 3221225786
</status>
</kw>
<kw name="Close Browser Session" owner="common" type="TEARDOWN">
<kw name="Close Browser" owner="SeleniumLibrary">
<doc>Closes the current browser.</doc>
<status status="PASS" start="2026-04-06T23:34:18.358853" elapsed="0.000000"/>
</kw>
<status status="PASS" start="2026-04-06T23:34:18.357660" elapsed="0.001193"/>
</kw>
<tag>checkout</tag>
<tag>regression</tag>
<tag>smoke</tag>
<status status="FAIL" start="2026-04-06T23:34:17.226639" elapsed="1.132214">Setup failed:
WebDriverException: Message: Service C:\Users\LOQ\.cache\selenium\chromedriver\win64\146.0.7680.165\chromedriver.exe unexpectedly exited. Status code was: 3221225786
</status>
</test>
<status status="FAIL" start="2026-04-06T23:34:17.197748" elapsed="1.162309"/>
</suite>
<suite id="s1-s3" name="Login" source="C:\Users\LOQ\Documents\GitHub\End-to-end-web-test-automation-framework-for-an-e-commerce-demo-site\tests\login.robot">
<test id="s1-s3-t1" name="Valid Login" line="8">
<kw name="Open Browser To Login Page" owner="common">
<kw name="Evaluate" owner="BuiltIn">
<var>${chrome_options}</var>
<arg>sys.modules['selenium.webdriver'].ChromeOptions()</arg>
<arg>sys, selenium.webdriver</arg>
<doc>Evaluates the given expression in Python and returns the result.</doc>
<status status="FAIL" start="2026-04-06T23:34:18.376549" elapsed="0.000000">Execution terminated by signal</status>
</kw>
<if>
<branch type="IF" condition="${HEADLESS}">
<kw name="Set Variable" owner="BuiltIn">
<var>${headless_arg}</var>
<arg>--headless=new</arg>
<doc>Returns the given values which can then be assigned to a variables.</doc>
<status status="NOT RUN" start="2026-04-06T23:34:18.377739" elapsed="0.000000"/>
</kw>
<kw name="Set Variable" owner="BuiltIn">
<var>${no_sandbox_arg}</var>
<arg>--no-sandbox</arg>
<doc>Returns the given values which can then be assigned to a variables.</doc>
<status status="NOT RUN" start="2026-04-06T23:34:18.377739" elapsed="0.000000"/>
</kw>
<kw name="Set Variable" owner="BuiltIn">
<var>${dev_shm_arg}</var>
<arg>--disable-dev-shm-usage</arg>
<doc>Returns the given values which can then be assigned to a variables.</doc>
<status status="NOT RUN" start="2026-04-06T23:34:18.377739" elapsed="0.000000"/>
</kw>
<kw name="Set Variable" owner="BuiltIn">
<var>${window_size_arg}</var>
<arg>--window-size=1920,1080</arg>
<doc>Returns the given values which can then be assigned to a variables.</doc>
<status status="NOT RUN" start="2026-04-06T23:34:18.379200" elapsed="0.000000"/>
</kw>
<kw name="Call Method" owner="BuiltIn">
<arg>${chrome_options}</arg>
<arg>add_argument</arg>
<arg>${headless_arg}</arg>
<doc>Calls the named method of the given object with the provided arguments.</doc>
<status status="NOT RUN" start="2026-04-06T23:34:18.379200" elapsed="0.000000"/>
</kw>
<kw name="Call Method" owner="BuiltIn">
<arg>${chrome_options}</arg>
<arg>add_argument</arg>
<arg>${no_sandbox_arg}</arg>
<doc>Calls the named method of the given object with the provided arguments.</doc>
<status status="NOT RUN" start="2026-04-06T23:34:18.379200" elapsed="0.000000"/>
</kw>
<kw name="Call Method" owner="BuiltIn">
<arg>${chrome_options}</arg>
<arg>add_argument</arg>
<arg>${dev_shm_arg}</arg>
<doc>Calls the named method of the given object with the provided arguments.</doc>
<status status="NOT RUN" start="2026-04-06T23:34:18.379200" elapsed="0.000000"/>
</kw>
<kw name="Call Method" owner="BuiltIn">
<arg>${chrome_options}</arg>
<arg>add_argument</arg>
<arg>${window_size_arg}</arg>
<doc>Calls the named method of the given object with the provided arguments.</doc>
<status status="NOT RUN" start="2026-04-06T23:34:18.379200" elapsed="0.000000"/>
</kw>
<status status="NOT RUN" start="2026-04-06T23:34:18.377739" elapsed="0.001461"/>
</branch>
<status status="NOT RUN" start="2026-04-06T23:34:18.377739" elapsed="0.001461"/>
</if>
<kw name="Set Variable" owner="BuiltIn">
<var>${disable_notifications_arg}</var>
<arg>--disable-notifications</arg>
<doc>Returns the given values which can then be assigned to a variables.</doc>
<status status="NOT RUN" start="2026-04-06T23:34:18.379200" elapsed="0.000000"/>
</kw>
<kw name="Set Variable" owner="BuiltIn">
<var>${incognito_arg}</var>
<arg>--incognito</arg>
<doc>Returns the given values which can then be assigned to a variables.</doc>
<status status="NOT RUN" start="2026-04-06T23:34:18.379200" elapsed="0.000000"/>
</kw>
<kw name="Call Method" owner="BuiltIn">
<arg>${chrome_options}</arg>
<arg>add_argument</arg>
<arg>${disable_notifications_arg}</arg>
<doc>Calls the named method of the given object with the provided arguments.</doc>
<status status="NOT RUN" start="2026-04-06T23:34:18.379200" elapsed="0.000000"/>
</kw>
<kw name="Call Method" owner="BuiltIn">
<arg>${chrome_options}</arg>
<arg>add_argument</arg>
<arg>${incognito_arg}</arg>
<doc>Calls the named method of the given object with the provided arguments.</doc>
<status status="NOT RUN" start="2026-04-06T23:34:18.379200" elapsed="0.000000"/>
</kw>
<kw name="Create Dictionary" owner="BuiltIn">
<var>${prefs}</var>
<arg>credentials_enable_service=${False}</arg>
<arg>profile.password_manager_enabled=${False}</arg>
<doc>Creates and returns a dictionary based on the given ``items``.</doc>
<status status="NOT RUN" start="2026-04-06T23:34:18.379200" elapsed="0.000000"/>
</kw>
<kw name="Call Method" owner="BuiltIn">
<arg>${chrome_options}</arg>
<arg>add_experimental_option</arg>
<arg>prefs</arg>
<arg>${prefs}</arg>
<doc>Calls the named method of the given object with the provided arguments.</doc>
<status status="NOT RUN" start="2026-04-06T23:34:18.379200" elapsed="0.000000"/>
</kw>
<kw name="Open Browser" owner="SeleniumLibrary">
<arg>${URL}</arg>
<arg>chrome</arg>
<arg>options=${chrome_options}</arg>
<doc>Opens a new browser instance to the optional ``url``.</doc>
<status status="NOT RUN" start="2026-04-06T23:34:18.379200" elapsed="0.000000"/>
</kw>
<kw name="Set Window Size" owner="SeleniumLibrary">
<arg>1920</arg>
<arg>1080</arg>
<doc>Sets current windows size to given ``width`` and ``height``.</doc>
<status status="NOT RUN" start="2026-04-06T23:34:18.379200" elapsed="0.000000"/>
</kw>
<kw name="Set Selenium Timeout" owner="SeleniumLibrary">
<arg>10s</arg>
<doc>Sets the timeout that is used by various keywords.</doc>
<status status="NOT RUN" start="2026-04-06T23:34:18.379200" elapsed="0.000000"/>
</kw>
<kw name="Register Keyword To Run On Failure" owner="SeleniumLibrary">
<arg>Capture Page Screenshot</arg>
<doc>Sets the keyword to execute, when a SeleniumLibrary keyword fails.</doc>
<status status="NOT RUN" start="2026-04-06T23:34:18.379200" elapsed="0.000000"/>
</kw>
<status status="FAIL" start="2026-04-06T23:34:18.374524" elapsed="0.004676">Execution terminated by signal</status>
</kw>
<kw name="Login With Credentials" owner="login_page">
<arg>${VALID_USERNAME}</arg>
<arg>${VALID_PASSWORD}</arg>
<status status="NOT RUN" start="2026-04-06T23:34:18.382484" elapsed="0.000000"/>
</kw>
<kw name="Verify Successful Login" owner="login_page">
<status status="NOT RUN" start="2026-04-06T23:34:18.382484" elapsed="0.000000"/>
</kw>
<kw name="Close Browser Session" owner="common">
<status status="NOT RUN" start="2026-04-06T23:34:18.382484" elapsed="0.000000"/>
</kw>
<tag>login</tag>
<tag>regression</tag>
<tag>smoke</tag>
<status status="FAIL" start="2026-04-06T23:34:18.373514" elapsed="0.010192">Execution terminated by signal</status>
</test>
<status status="FAIL" start="2026-04-06T23:34:18.360057" elapsed="0.024659"/>
</suite>
<status status="FAIL" start="2026-04-06T23:34:09.479055" elapsed="8.906189"/>
</suite>
<statistics>
<total>
<stat pass="1" fail="2" skip="0">All Tests</stat>
</total>
<tag>
<stat pass="1" fail="0" skip="0">cart</stat>
<stat pass="0" fail="1" skip="0">checkout</stat>
<stat pass="0" fail="1" skip="0">login</stat>
<stat pass="1" fail="2" skip="0">regression</stat>
<stat pass="1" fail="2" skip="0">smoke</stat>
</tag>
<suite>
<stat name="Tests" id="s1" pass="1" fail="2" skip="0">Tests</stat>
<stat name="Cart" id="s1-s1" pass="1" fail="0" skip="0">Tests.Cart</stat>
<stat name="Checkout" id="s1-s2" pass="0" fail="1" skip="0">Tests.Checkout</stat>
<stat name="Login" id="s1-s3" pass="0" fail="1" skip="0">Tests.Login</stat>
</suite>
</statistics>
<errors>
</errors>
</robot>
